<?xml version="1.0" encoding="UTF-8"?>
<testsuite name="org.example.webTest.domain.posts.PostsRepositoryTest" tests="2" skipped="0" failures="0" errors="0" timestamp="2021-10-28T06:30:26" hostname="LAPTOP-A4QEFCE3" time="0.28">
  <properties/>
  <testcase name="articlelist_loading()" classname="org.example.webTest.domain.posts.PostsRepositoryTest" time="0.265"/>
  <testcase name="BaseTimeEntity_save()" classname="org.example.webTest.domain.posts.PostsRepositoryTest" time="0.014"/>
  <system-out><![CDATA[15:30:21.694 [Test worker] DEBUG org.springframework.test.context.BootstrapUtils - Instantiating CacheAwareContextLoaderDelegate from class [org.springframework.test.context.cache.DefaultCacheAwareContextLoaderDelegate]
15:30:21.705 [Test worker] DEBUG org.springframework.test.context.BootstrapUtils - Instantiating BootstrapContext using constructor [public org.springframework.test.context.support.DefaultBootstrapContext(java.lang.Class,org.springframework.test.context.CacheAwareContextLoaderDelegate)]
15:30:21.735 [Test worker] DEBUG org.springframework.test.context.BootstrapUtils - Instantiating TestContextBootstrapper for test class [org.example.webTest.domain.posts.PostsRepositoryTest] from class [org.springframework.boot.test.context.SpringBootTestContextBootstrapper]
15:30:21.752 [Test worker] INFO org.springframework.boot.test.context.SpringBootTestContextBootstrapper - Neither @ContextConfiguration nor @ContextHierarchy found for test class [org.example.webTest.domain.posts.PostsRepositoryTest], using SpringBootContextLoader
15:30:21.756 [Test worker] DEBUG org.springframework.test.context.support.AbstractContextLoader - Did not detect default resource location for test class [org.example.webTest.domain.posts.PostsRepositoryTest]: class path resource [org/example/webTest/domain/posts/PostsRepositoryTest-context.xml] does not exist
15:30:21.756 [Test worker] DEBUG org.springframework.test.context.support.AbstractContextLoader - Did not detect default resource location for test class [org.example.webTest.domain.posts.PostsRepositoryTest]: class path resource [org/example/webTest/domain/posts/PostsRepositoryTestContext.groovy] does not exist
15:30:21.756 [Test worker] INFO org.springframework.test.context.support.AbstractContextLoader - Could not detect default resource locations for test class [org.example.webTest.domain.posts.PostsRepositoryTest]: no resource found for suffixes {-context.xml, Context.groovy}.
15:30:21.756 [Test worker] INFO org.springframework.test.context.support.AnnotationConfigContextLoaderUtils - Could not detect default configuration classes for test class [org.example.webTest.domain.posts.PostsRepositoryTest]: PostsRepositoryTest does not declare any static, non-private, non-final, nested classes annotated with @Configuration.
15:30:21.790 [Test worker] DEBUG org.springframework.test.context.support.ActiveProfilesUtils - Could not find an 'annotation declaring class' for annotation type [org.springframework.test.context.ActiveProfiles] and class [org.example.webTest.domain.posts.PostsRepositoryTest]
15:30:21.848 [Test worker] DEBUG org.springframework.context.annotation.ClassPathScanningCandidateComponentProvider - Identified candidate component class: file [C:\Users\suhyun\OneDrive\바탕 화면\suhyun files\SHIM's anatomy\build\classes\java\main\org\example\webTest\Application.class]
15:30:21.849 [Test worker] INFO org.springframework.boot.test.context.SpringBootTestContextBootstrapper - Found @SpringBootConfiguration org.example.webTest.Application for test class org.example.webTest.domain.posts.PostsRepositoryTest
15:30:21.932 [Test worker] DEBUG org.springframework.boot.test.context.SpringBootTestContextBootstrapper - @TestExecutionListeners is not present for class [org.example.webTest.domain.posts.PostsRepositoryTest]: using defaults.
15:30:21.933 [Test worker] INFO org.springframework.boot.test.context.SpringBootTestContextBootstrapper - Loaded default TestExecutionListener class names from location [META-INF/spring.factories]: [org.springframework.security.test.context.support.WithSecurityContextTestExecutionListener, org.springframework.security.test.context.support.ReactorContextTestExecutionListener, org.springframework.boot.test.autoconfigure.restdocs.RestDocsTestExecutionListener, org.springframework.boot.test.autoconfigure.web.client.MockRestServiceServerResetTestExecutionListener, org.springframework.boot.test.autoconfigure.web.servlet.MockMvcPrintOnlyOnFailureTestExecutionListener, org.springframework.boot.test.autoconfigure.web.servlet.WebDriverTestExecutionListener, org.springframework.boot.test.autoconfigure.webservices.client.MockWebServiceServerTestExecutionListener, org.springframework.boot.test.mock.mockito.MockitoTestExecutionListener, org.springframework.boot.test.mock.mockito.ResetMocksTestExecutionListener, org.springframework.test.context.web.ServletTestExecutionListener, org.springframework.test.context.support.DirtiesContextBeforeModesTestExecutionListener, org.springframework.test.context.support.DependencyInjectionTestExecutionListener, org.springframework.test.context.support.DirtiesContextTestExecutionListener, org.springframework.test.context.transaction.TransactionalTestExecutionListener, org.springframework.test.context.jdbc.SqlScriptsTestExecutionListener, org.springframework.test.context.event.EventPublishingTestExecutionListener]
15:30:21.951 [Test worker] INFO org.springframework.boot.test.context.SpringBootTestContextBootstrapper - Using TestExecutionListeners: [org.springframework.test.context.web.ServletTestExecutionListener@cf00d44, org.springframework.test.context.support.DirtiesContextBeforeModesTestExecutionListener@2fd2675e, org.springframework.boot.test.mock.mockito.MockitoTestExecutionListener@18383e85, org.springframework.boot.test.autoconfigure.SpringBootDependencyInjectionTestExecutionListener@18996336, org.springframework.test.context.support.DirtiesContextTestExecutionListener@148fc74c, org.springframework.test.context.transaction.TransactionalTestExecutionListener@285bba14, org.springframework.test.context.jdbc.SqlScriptsTestExecutionListener@71ce658c, org.springframework.security.test.context.support.WithSecurityContextTestExecutionListener@221d3850, org.springframework.test.context.event.EventPublishingTestExecutionListener@48c22ef8, org.springframework.security.test.context.support.ReactorContextTestExecutionListener@3dbcb6ee, org.springframework.boot.test.autoconfigure.restdocs.RestDocsTestExecutionListener@3f5c46d0, org.springframework.boot.test.autoconfigure.web.client.MockRestServiceServerResetTestExecutionListener@744836d3, org.springframework.boot.test.autoconfigure.web.servlet.MockMvcPrintOnlyOnFailureTestExecutionListener@2da4634c, org.springframework.boot.test.autoconfigure.web.servlet.WebDriverTestExecutionListener@75f7abd0, org.springframework.boot.test.autoconfigure.webservices.client.MockWebServiceServerTestExecutionListener@28c00978, org.springframework.boot.test.mock.mockito.ResetMocksTestExecutionListener@1d0b5c1d]
15:30:21.954 [Test worker] DEBUG org.springframework.test.context.support.AbstractDirtiesContextTestExecutionListener - Before test class: context [DefaultTestContext@7b3656ae testClass = PostsRepositoryTest, testInstance = [null], testMethod = [null], testException = [null], mergedContextConfiguration = [WebMergedContextConfiguration@64fe136c testClass = PostsRepositoryTest, locations = '{}', classes = '{class org.example.webTest.Application}', contextInitializerClasses = '[]', activeProfiles = '{}', propertySourceLocations = '{}', propertySourceProperties = '{org.springframework.boot.test.context.SpringBootTestContextBootstrapper=true}', contextCustomizers = set[org.springframework.boot.test.autoconfigure.actuate.metrics.MetricsExportContextCustomizerFactory$DisableMetricExportContextCustomizer@67217a37, org.springframework.boot.test.autoconfigure.properties.PropertyMappingContextCustomizer@0, org.springframework.boot.test.autoconfigure.web.servlet.WebDriverContextCustomizerFactory$Customizer@64cc0520, org.springframework.boot.test.context.filter.ExcludeFilterContextCustomizer@1066aab3, org.springframework.boot.test.json.DuplicateJsonObjectContextCustomizerFactory$DuplicateJsonObjectContextCustomizer@30278650, org.springframework.boot.test.mock.mockito.MockitoContextCustomizer@0, org.springframework.boot.test.web.client.TestRestTemplateContextCustomizer@469aabd7, org.springframework.boot.test.context.SpringBootTestArgs@1, org.springframework.boot.test.context.SpringBootTestWebEnvironment@29325479], resourceBasePath = 'src/main/webapp', contextLoader = 'org.springframework.boot.test.context.SpringBootContextLoader', parent = [null]], attributes = map['org.springframework.test.context.web.ServletTestExecutionListener.activateListener' -> true]], class annotated with @DirtiesContext [false] with mode [null].
15:30:21.978 [Test worker] DEBUG org.springframework.test.context.support.TestPropertySourceUtils - Adding inlined properties to environment: {spring.jmx.enabled=false, org.springframework.boot.test.context.SpringBootTestContextBootstrapper=true}

  .   ____          _            __ _ _
 /\\ / ___'_ __ _ _(_)_ __  __ _ \ \ \ \
( ( )\___ | '_ | '_| | '_ \/ _` | \ \ \ \
 \\/  ___)| |_)| | | | | || (_| |  ) ) ) )
  '  |____| .__|_| |_|_| |_\__, | / / / /
 =========|_|==============|___/=/_/_/_/
 :: Spring Boot ::                (v2.4.1)

2021-10-28 15:30:22.197  INFO 28868 --- [    Test worker] o.e.w.domain.posts.PostsRepositoryTest   : Starting PostsRepositoryTest using Java 1.8.0_301 on LAPTOP-A4QEFCE3 with PID 28868 (started by suhyun in C:\Users\suhyun\OneDrive\바탕 화면\suhyun files\SHIM's anatomy)
2021-10-28 15:30:22.199  INFO 28868 --- [    Test worker] o.e.w.domain.posts.PostsRepositoryTest   : No active profile set, falling back to default profiles: default
2021-10-28 15:30:22.821  INFO 28868 --- [    Test worker] .s.d.r.c.RepositoryConfigurationDelegate : Bootstrapping Spring Data JPA repositories in DEFAULT mode.
2021-10-28 15:30:22.889  INFO 28868 --- [    Test worker] .s.d.r.c.RepositoryConfigurationDelegate : Finished Spring Data repository scanning in 61 ms. Found 2 JPA repository interfaces.
2021-10-28 15:30:23.456  INFO 28868 --- [    Test worker] com.zaxxer.hikari.HikariDataSource       : HikariPool-1 - Starting...
2021-10-28 15:30:23.611  INFO 28868 --- [    Test worker] com.zaxxer.hikari.HikariDataSource       : HikariPool-1 - Start completed.
2021-10-28 15:30:23.684  INFO 28868 --- [    Test worker] o.hibernate.jpa.internal.util.LogHelper  : HHH000204: Processing PersistenceUnitInfo [name: default]
2021-10-28 15:30:23.745  INFO 28868 --- [    Test worker] org.hibernate.Version                    : HHH000412: Hibernate ORM core version 5.4.25.Final
2021-10-28 15:30:23.884  INFO 28868 --- [    Test worker] o.hibernate.annotations.common.Version   : HCANN000001: Hibernate Commons Annotations {5.1.2.Final}
2021-10-28 15:30:23.998  INFO 28868 --- [    Test worker] org.hibernate.dialect.Dialect            : HHH000400: Using dialect: org.hibernate.dialect.MySQL57Dialect
Hibernate: drop table if exists posts
Hibernate: drop table if exists user
Hibernate: create table posts (id bigint not null auto_increment, created_date datetime(6), modified_date datetime(6), author varchar(255), content TEXT not null, title varchar(500) not null, primary key (id)) engine=InnoDB
Hibernate: create table user (id bigint not null auto_increment, created_date datetime(6), modified_date datetime(6), email varchar(255) not null, name varchar(255) not null, picture varchar(255), role varchar(255) not null, primary key (id)) engine=InnoDB
2021-10-28 15:30:24.608  INFO 28868 --- [    Test worker] o.h.e.t.j.p.i.JtaPlatformInitiator       : HHH000490: Using JtaPlatform implementation: [org.hibernate.engine.transaction.jta.platform.internal.NoJtaPlatform]
2021-10-28 15:30:24.618  INFO 28868 --- [    Test worker] j.LocalContainerEntityManagerFactoryBean : Initialized JPA EntityManagerFactory for persistence unit 'default'
2021-10-28 15:30:25.150  WARN 28868 --- [    Test worker] JpaBaseConfiguration$JpaWebConfiguration : spring.jpa.open-in-view is enabled by default. Therefore, database queries may be performed during view rendering. Explicitly configure spring.jpa.open-in-view to disable this warning
2021-10-28 15:30:25.996  INFO 28868 --- [    Test worker] o.s.s.web.DefaultSecurityFilterChain     : Will secure any request with [org.springframework.security.web.context.request.async.WebAsyncManagerIntegrationFilter@5bd7e321, org.springframework.security.web.context.SecurityContextPersistenceFilter@3375a2a7, org.springframework.security.web.header.HeaderWriterFilter@cc118b7, org.springframework.security.web.authentication.logout.LogoutFilter@2819befc, org.springframework.security.oauth2.client.web.OAuth2AuthorizationRequestRedirectFilter@5fbba64b, org.springframework.security.oauth2.client.web.OAuth2LoginAuthenticationFilter@548c3eba, org.springframework.security.web.authentication.ui.DefaultLoginPageGeneratingFilter@7aeb0fc5, org.springframework.security.web.authentication.ui.DefaultLogoutPageGeneratingFilter@23655bae, org.springframework.security.web.savedrequest.RequestCacheAwareFilter@5c38305c, org.springframework.security.web.servletapi.SecurityContextHolderAwareRequestFilter@175bab50, org.springframework.security.web.authentication.AnonymousAuthenticationFilter@2e51befb, org.springframework.security.web.session.SessionManagementFilter@690e4cb8, org.springframework.security.web.access.ExceptionTranslationFilter@3ac9321c, org.springframework.security.web.access.intercept.FilterSecurityInterceptor@758da7e4]
2021-10-28 15:30:26.400  INFO 28868 --- [    Test worker] o.s.s.concurrent.ThreadPoolTaskExecutor  : Initializing ExecutorService 'applicationTaskExecutor'
2021-10-28 15:30:26.522  INFO 28868 --- [    Test worker] o.s.b.a.w.s.WelcomePageHandlerMapping    : Adding welcome page template: index
2021-10-28 15:30:26.922  INFO 28868 --- [    Test worker] s.a.ScheduledAnnotationBeanPostProcessor : No TaskScheduler/ScheduledExecutorService bean found for scheduled processing
2021-10-28 15:30:26.931  INFO 28868 --- [    Test worker] o.e.w.domain.posts.PostsRepositoryTest   : Started PostsRepositoryTest in 4.948 seconds (JVM running for 6.14)
Hibernate: insert into posts (created_date, modified_date, author, content, title) values (?, ?, ?, ?, ?)
Hibernate: select posts0_.id as id1_0_, posts0_.created_date as created_2_0_, posts0_.modified_date as modified3_0_, posts0_.author as author4_0_, posts0_.content as content5_0_, posts0_.title as title6_0_ from posts posts0_
Hibernate: select posts0_.id as id1_0_, posts0_.created_date as created_2_0_, posts0_.modified_date as modified3_0_, posts0_.author as author4_0_, posts0_.content as content5_0_, posts0_.title as title6_0_ from posts posts0_
Hibernate: delete from posts where id=?
Hibernate: insert into posts (created_date, modified_date, author, content, title) values (?, ?, ?, ?, ?)
Hibernate: select posts0_.id as id1_0_, posts0_.created_date as created_2_0_, posts0_.modified_date as modified3_0_, posts0_.author as author4_0_, posts0_.content as content5_0_, posts0_.title as title6_0_ from posts posts0_
>>>>>>>> createDate=2021-10-28T15:30:27.218, modifiedDate=2021-10-28T15:30:27.218
Hibernate: select posts0_.id as id1_0_, posts0_.created_date as created_2_0_, posts0_.modified_date as modified3_0_, posts0_.author as author4_0_, posts0_.content as content5_0_, posts0_.title as title6_0_ from posts posts0_
Hibernate: delete from posts where id=?
]]></system-out>
  <system-err><![CDATA[]]></system-err>
</testsuite>
