<?xml version="1.0" encoding="UTF-8"?>
<testsuite name="org.example.webTest.web.PostsApiControllerTest" tests="2" skipped="0" failures="0" errors="0" timestamp="2021-09-20T08:46:02" hostname="LAPTOP-A4QEFCE3" time="0.175">
  <properties/>
  <testcase name="Posts_update()" classname="org.example.webTest.web.PostsApiControllerTest" time="0.162"/>
  <testcase name="Posts_save()" classname="org.example.webTest.web.PostsApiControllerTest" time="0.013"/>
  <system-out><![CDATA[2021-09-20 17:46:02.354  INFO 13864 --- [    Test worker] .b.t.c.SpringBootTestContextBootstrapper : Neither @ContextConfiguration nor @ContextHierarchy found for test class [org.example.webTest.web.PostsApiControllerTest], using SpringBootContextLoader
2021-09-20 17:46:02.355  INFO 13864 --- [    Test worker] o.s.t.c.support.AbstractContextLoader    : Could not detect default resource locations for test class [org.example.webTest.web.PostsApiControllerTest]: no resource found for suffixes {-context.xml, Context.groovy}.
2021-09-20 17:46:02.355  INFO 13864 --- [    Test worker] t.c.s.AnnotationConfigContextLoaderUtils : Could not detect default configuration classes for test class [org.example.webTest.web.PostsApiControllerTest]: PostsApiControllerTest does not declare any static, non-private, non-final, nested classes annotated with @Configuration.
2021-09-20 17:46:02.358  INFO 13864 --- [    Test worker] .b.t.c.SpringBootTestContextBootstrapper : Found @SpringBootConfiguration org.example.webTest.Application for test class org.example.webTest.web.PostsApiControllerTest
2021-09-20 17:46:02.360  INFO 13864 --- [    Test worker] .b.t.c.SpringBootTestContextBootstrapper : Loaded default TestExecutionListener class names from location [META-INF/spring.factories]: [org.springframework.security.test.context.support.WithSecurityContextTestExecutionListener, org.springframework.security.test.context.support.ReactorContextTestExecutionListener, org.springframework.boot.test.autoconfigure.restdocs.RestDocsTestExecutionListener, org.springframework.boot.test.autoconfigure.web.client.MockRestServiceServerResetTestExecutionListener, org.springframework.boot.test.autoconfigure.web.servlet.MockMvcPrintOnlyOnFailureTestExecutionListener, org.springframework.boot.test.autoconfigure.web.servlet.WebDriverTestExecutionListener, org.springframework.boot.test.autoconfigure.webservices.client.MockWebServiceServerTestExecutionListener, org.springframework.boot.test.mock.mockito.MockitoTestExecutionListener, org.springframework.boot.test.mock.mockito.ResetMocksTestExecutionListener, org.springframework.test.context.web.ServletTestExecutionListener, org.springframework.test.context.support.DirtiesContextBeforeModesTestExecutionListener, org.springframework.test.context.support.DependencyInjectionTestExecutionListener, org.springframework.test.context.support.DirtiesContextTestExecutionListener, org.springframework.test.context.transaction.TransactionalTestExecutionListener, org.springframework.test.context.jdbc.SqlScriptsTestExecutionListener, org.springframework.test.context.event.EventPublishingTestExecutionListener]
2021-09-20 17:46:02.361  INFO 13864 --- [    Test worker] .b.t.c.SpringBootTestContextBootstrapper : Using TestExecutionListeners: [org.springframework.test.context.web.ServletTestExecutionListener@698bf807, org.springframework.test.context.support.DirtiesContextBeforeModesTestExecutionListener@9bc378e, org.springframework.boot.test.mock.mockito.MockitoTestExecutionListener@651cc81, org.springframework.boot.test.autoconfigure.SpringBootDependencyInjectionTestExecutionListener@33762c14, org.springframework.test.context.support.DirtiesContextTestExecutionListener@58bb1bd, org.springframework.test.context.transaction.TransactionalTestExecutionListener@6de3f6c5, org.springframework.test.context.jdbc.SqlScriptsTestExecutionListener@655e0a3c, org.springframework.security.test.context.support.WithSecurityContextTestExecutionListener@674a8c0f, org.springframework.test.context.event.EventPublishingTestExecutionListener@3f14cf02, org.springframework.security.test.context.support.ReactorContextTestExecutionListener@4d3353fb, org.springframework.boot.test.autoconfigure.restdocs.RestDocsTestExecutionListener@5829af8b, org.springframework.boot.test.autoconfigure.web.client.MockRestServiceServerResetTestExecutionListener@6bb06a75, org.springframework.boot.test.autoconfigure.web.servlet.MockMvcPrintOnlyOnFailureTestExecutionListener@72c5d4de, org.springframework.boot.test.autoconfigure.web.servlet.WebDriverTestExecutionListener@253efdf6, org.springframework.boot.test.autoconfigure.webservices.client.MockWebServiceServerTestExecutionListener@30fe5b2d, org.springframework.boot.test.mock.mockito.ResetMocksTestExecutionListener@58f56c85]
2021-09-20 17:46:02.391  INFO 13864 --- [    Test worker] o.a.c.c.C.[Tomcat].[localhost].[/]       : Initializing Spring TestDispatcherServlet ''
2021-09-20 17:46:02.392  INFO 13864 --- [    Test worker] o.s.t.web.servlet.TestDispatcherServlet  : Initializing Servlet ''
2021-09-20 17:46:02.392  INFO 13864 --- [    Test worker] o.s.t.web.servlet.TestDispatcherServlet  : Completed initialization in 0 ms
2021-09-20 17:46:02.530  INFO 13864 --- [    Test worker] o.a.c.c.C.[Tomcat].[localhost].[/]       : Initializing Spring TestDispatcherServlet ''
2021-09-20 17:46:02.530  INFO 13864 --- [    Test worker] o.s.t.web.servlet.TestDispatcherServlet  : Initializing Servlet ''
2021-09-20 17:46:02.530  INFO 13864 --- [    Test worker] o.s.t.web.servlet.TestDispatcherServlet  : Completed initialization in 0 ms
]]></system-out>
  <system-err><![CDATA[]]></system-err>
</testsuite>
