<?xml version="1.0" encoding="UTF-8"?>
<testsuite name="org.example.webTest.web.HelloControllerTest" tests="2" skipped="0" failures="0" errors="0" timestamp="2021-10-11T06:08:59" hostname="LAPTOP-A4QEFCE3" time="0.139">
  <properties/>
  <testcase name="helloDto_return()" classname="org.example.webTest.web.HelloControllerTest" time="0.13"/>
  <testcase name="hello_return()" classname="org.example.webTest.web.HelloControllerTest" time="0.008"/>
  <system-out><![CDATA[2021-10-11 15:08:58.704  INFO 19748 --- [    Test worker] .b.t.a.w.s.WebMvcTestContextBootstrapper : Neither @ContextConfiguration nor @ContextHierarchy found for test class [org.example.webTest.web.HelloControllerTest], using SpringBootContextLoader
2021-10-11 15:08:58.704  INFO 19748 --- [    Test worker] o.s.t.c.support.AbstractContextLoader    : Could not detect default resource locations for test class [org.example.webTest.web.HelloControllerTest]: no resource found for suffixes {-context.xml, Context.groovy}.
2021-10-11 15:08:58.704  INFO 19748 --- [    Test worker] t.c.s.AnnotationConfigContextLoaderUtils : Could not detect default configuration classes for test class [org.example.webTest.web.HelloControllerTest]: HelloControllerTest does not declare any static, non-private, non-final, nested classes annotated with @Configuration.
2021-10-11 15:08:58.726  INFO 19748 --- [    Test worker] .b.t.c.SpringBootTestContextBootstrapper : Found @SpringBootConfiguration org.example.webTest.Application for test class org.example.webTest.web.HelloControllerTest
2021-10-11 15:08:58.726  INFO 19748 --- [    Test worker] .b.t.a.w.s.WebMvcTestContextBootstrapper : Loaded default TestExecutionListener class names from location [META-INF/spring.factories]: [org.springframework.security.test.context.support.WithSecurityContextTestExecutionListener, org.springframework.security.test.context.support.ReactorContextTestExecutionListener, org.springframework.boot.test.autoconfigure.restdocs.RestDocsTestExecutionListener, org.springframework.boot.test.autoconfigure.web.client.MockRestServiceServerResetTestExecutionListener, org.springframework.boot.test.autoconfigure.web.servlet.MockMvcPrintOnlyOnFailureTestExecutionListener, org.springframework.boot.test.autoconfigure.web.servlet.WebDriverTestExecutionListener, org.springframework.boot.test.autoconfigure.webservices.client.MockWebServiceServerTestExecutionListener, org.springframework.boot.test.mock.mockito.MockitoTestExecutionListener, org.springframework.boot.test.mock.mockito.ResetMocksTestExecutionListener, org.springframework.test.context.web.ServletTestExecutionListener, org.springframework.test.context.support.DirtiesContextBeforeModesTestExecutionListener, org.springframework.test.context.support.DependencyInjectionTestExecutionListener, org.springframework.test.context.support.DirtiesContextTestExecutionListener, org.springframework.test.context.transaction.TransactionalTestExecutionListener, org.springframework.test.context.jdbc.SqlScriptsTestExecutionListener, org.springframework.test.context.event.EventPublishingTestExecutionListener]
2021-10-11 15:08:58.726  INFO 19748 --- [    Test worker] .b.t.a.w.s.WebMvcTestContextBootstrapper : Using TestExecutionListeners: [org.springframework.test.context.web.ServletTestExecutionListener@58f7e6cc, org.springframework.test.context.support.DirtiesContextBeforeModesTestExecutionListener@746588e8, org.springframework.boot.test.mock.mockito.MockitoTestExecutionListener@551f6526, org.springframework.boot.test.autoconfigure.SpringBootDependencyInjectionTestExecutionListener@6f3b8956, org.springframework.test.context.support.DirtiesContextTestExecutionListener@89dd3fb, org.springframework.test.context.transaction.TransactionalTestExecutionListener@50e728c8, org.springframework.test.context.jdbc.SqlScriptsTestExecutionListener@7e7f51a7, org.springframework.security.test.context.support.WithSecurityContextTestExecutionListener@4d3d1607, org.springframework.test.context.event.EventPublishingTestExecutionListener@2b591650, org.springframework.security.test.context.support.ReactorContextTestExecutionListener@4211da9b, org.springframework.boot.test.autoconfigure.restdocs.RestDocsTestExecutionListener@46675917, org.springframework.boot.test.autoconfigure.web.client.MockRestServiceServerResetTestExecutionListener@634ff2f2, org.springframework.boot.test.autoconfigure.web.servlet.MockMvcPrintOnlyOnFailureTestExecutionListener@47935d, org.springframework.boot.test.autoconfigure.web.servlet.WebDriverTestExecutionListener@4cce54cc, org.springframework.boot.test.autoconfigure.webservices.client.MockWebServiceServerTestExecutionListener@301d13a3, org.springframework.boot.test.mock.mockito.ResetMocksTestExecutionListener@2c59af30]

  .   ____          _            __ _ _
 /\\ / ___'_ __ _ _(_)_ __  __ _ \ \ \ \
( ( )\___ | '_ | '_| | '_ \/ _` | \ \ \ \
 \\/  ___)| |_)| | | | | || (_| |  ) ) ) )
  '  |____| .__|_| |_|_| |_\__, | / / / /
 =========|_|==============|___/=/_/_/_/
 :: Spring Boot ::                (v2.4.1)

2021-10-11 15:08:58.756  INFO 19748 --- [    Test worker] o.e.webTest.web.HelloControllerTest      : Starting HelloControllerTest using Java 1.8.0_301 on LAPTOP-A4QEFCE3 with PID 19748 (started by suhyun in C:\Users\suhyun\IdeaProjects\SHIM-s-Anatomy)
2021-10-11 15:08:58.756  INFO 19748 --- [    Test worker] o.e.webTest.web.HelloControllerTest      : No active profile set, falling back to default profiles: default
2021-10-11 15:08:59.050  INFO 19748 --- [    Test worker] o.s.s.concurrent.ThreadPoolTaskExecutor  : Initializing ExecutorService 'applicationTaskExecutor'
2021-10-11 15:08:59.070  INFO 19748 --- [    Test worker] o.s.b.a.w.s.WelcomePageHandlerMapping    : Adding welcome page template: index
2021-10-11 15:08:59.330  INFO 19748 --- [    Test worker] o.s.s.web.DefaultSecurityFilterChain     : Will secure any request with [org.springframework.security.web.context.request.async.WebAsyncManagerIntegrationFilter@2bcc2b3b, org.springframework.security.web.context.SecurityContextPersistenceFilter@1710831e, org.springframework.security.web.header.HeaderWriterFilter@18407f29, org.springframework.security.web.csrf.CsrfFilter@166b6b72, org.springframework.security.web.authentication.logout.LogoutFilter@69ee61d7, org.springframework.security.oauth2.client.web.OAuth2AuthorizationRequestRedirectFilter@3c76a6c6, org.springframework.security.oauth2.client.web.OAuth2AuthorizationRequestRedirectFilter@78fe202f, org.springframework.security.oauth2.client.web.OAuth2LoginAuthenticationFilter@18355e63, org.springframework.security.web.authentication.ui.DefaultLoginPageGeneratingFilter@4b5d8a4c, org.springframework.security.web.authentication.ui.DefaultLogoutPageGeneratingFilter@73ec295e, org.springframework.security.web.savedrequest.RequestCacheAwareFilter@59ef6fc1, org.springframework.security.web.servletapi.SecurityContextHolderAwareRequestFilter@424deae2, org.springframework.security.web.authentication.AnonymousAuthenticationFilter@5b8ba898, org.springframework.security.oauth2.client.web.OAuth2AuthorizationCodeGrantFilter@6c0898fb, org.springframework.security.web.session.SessionManagementFilter@55bdb7a8, org.springframework.security.web.access.ExceptionTranslationFilter@1cca4f62, org.springframework.security.web.access.intercept.FilterSecurityInterceptor@930cf54]
2021-10-11 15:08:59.403  INFO 19748 --- [    Test worker] o.s.b.t.m.w.SpringBootMockServletContext : Initializing Spring TestDispatcherServlet ''
2021-10-11 15:08:59.403  INFO 19748 --- [    Test worker] o.s.t.web.servlet.TestDispatcherServlet  : Initializing Servlet ''
2021-10-11 15:08:59.403  INFO 19748 --- [    Test worker] o.s.t.web.servlet.TestDispatcherServlet  : Completed initialization in 0 ms
2021-10-11 15:08:59.413  INFO 19748 --- [    Test worker] o.e.webTest.web.HelloControllerTest      : Started HelloControllerTest in 0.688 seconds (JVM running for 7.092)
]]></system-out>
  <system-err><![CDATA[]]></system-err>
</testsuite>
