<?xml version="1.0" encoding="UTF-8"?>
<testsuite name="org.example.webTest.web.HelloControllerTest" tests="2" skipped="0" failures="0" errors="0" timestamp="2021-11-12T03:27:53" hostname="suhyun-webservice" time="0.346">
  <properties/>
  <testcase name="helloDto_return()" classname="org.example.webTest.web.HelloControllerTest" time="0.312"/>
  <testcase name="hello_return()" classname="org.example.webTest.web.HelloControllerTest" time="0.03"/>
  <system-out><![CDATA[2021-11-12 12:27:51.571  INFO 12272 --- [    Test worker] .b.t.a.w.s.WebMvcTestContextBootstrapper : Neither @ContextConfiguration nor @ContextHierarchy found for test class [org.example.webTest.web.HelloControllerTest], using SpringBootContextLoader
2021-11-12 12:27:51.581  INFO 12272 --- [    Test worker] o.s.t.c.support.AbstractContextLoader    : Could not detect default resource locations for test class [org.example.webTest.web.HelloControllerTest]: no resource found for suffixes {-context.xml, Context.groovy}.
2021-11-12 12:27:51.583  INFO 12272 --- [    Test worker] t.c.s.AnnotationConfigContextLoaderUtils : Could not detect default configuration classes for test class [org.example.webTest.web.HelloControllerTest]: HelloControllerTest does not declare any static, non-private, non-final, nested classes annotated with @Configuration.
2021-11-12 12:27:51.622  INFO 12272 --- [    Test worker] .b.t.c.SpringBootTestContextBootstrapper : Found @SpringBootConfiguration org.example.webTest.Application for test class org.example.webTest.web.HelloControllerTest
2021-11-12 12:27:51.626  INFO 12272 --- [    Test worker] .b.t.a.w.s.WebMvcTestContextBootstrapper : Loaded default TestExecutionListener class names from location [META-INF/spring.factories]: [org.springframework.security.test.context.support.WithSecurityContextTestExecutionListener, org.springframework.security.test.context.support.ReactorContextTestExecutionListener, org.springframework.boot.test.autoconfigure.restdocs.RestDocsTestExecutionListener, org.springframework.boot.test.autoconfigure.web.client.MockRestServiceServerResetTestExecutionListener, org.springframework.boot.test.autoconfigure.web.servlet.MockMvcPrintOnlyOnFailureTestExecutionListener, org.springframework.boot.test.autoconfigure.web.servlet.WebDriverTestExecutionListener, org.springframework.boot.test.autoconfigure.webservices.client.MockWebServiceServerTestExecutionListener, org.springframework.boot.test.mock.mockito.MockitoTestExecutionListener, org.springframework.boot.test.mock.mockito.ResetMocksTestExecutionListener, org.springframework.test.context.web.ServletTestExecutionListener, org.springframework.test.context.support.DirtiesContextBeforeModesTestExecutionListener, org.springframework.test.context.support.DependencyInjectionTestExecutionListener, org.springframework.test.context.support.DirtiesContextTestExecutionListener, org.springframework.test.context.transaction.TransactionalTestExecutionListener, org.springframework.test.context.jdbc.SqlScriptsTestExecutionListener, org.springframework.test.context.event.EventPublishingTestExecutionListener]
2021-11-12 12:27:51.630  INFO 12272 --- [    Test worker] .b.t.a.w.s.WebMvcTestContextBootstrapper : Using TestExecutionListeners: [org.springframework.test.context.web.ServletTestExecutionListener@18446e40, org.springframework.test.context.support.DirtiesContextBeforeModesTestExecutionListener@36b4c7f9, org.springframework.boot.test.mock.mockito.MockitoTestExecutionListener@7764ba6f, org.springframework.boot.test.autoconfigure.SpringBootDependencyInjectionTestExecutionListener@1f6641bc, org.springframework.test.context.support.DirtiesContextTestExecutionListener@246b0a7e, org.springframework.test.context.transaction.TransactionalTestExecutionListener@34709a05, org.springframework.test.context.jdbc.SqlScriptsTestExecutionListener@6695e926, org.springframework.security.test.context.support.WithSecurityContextTestExecutionListener@4b532fe9, org.springframework.test.context.event.EventPublishingTestExecutionListener@3797f407, org.springframework.security.test.context.support.ReactorContextTestExecutionListener@787e042, org.springframework.boot.test.autoconfigure.restdocs.RestDocsTestExecutionListener@4e92f54d, org.springframework.boot.test.autoconfigure.web.client.MockRestServiceServerResetTestExecutionListener@1cecb711, org.springframework.boot.test.autoconfigure.web.servlet.MockMvcPrintOnlyOnFailureTestExecutionListener@14534f47, org.springframework.boot.test.autoconfigure.web.servlet.WebDriverTestExecutionListener@2c6e287f, org.springframework.boot.test.autoconfigure.webservices.client.MockWebServiceServerTestExecutionListener@758f8822, org.springframework.boot.test.mock.mockito.ResetMocksTestExecutionListener@ca2fdbd]

  .   ____          _            __ _ _
 /\\ / ___'_ __ _ _(_)_ __  __ _ \ \ \ \
( ( )\___ | '_ | '_| | '_ \/ _` | \ \ \ \
 \\/  ___)| |_)| | | | | || (_| |  ) ) ) )
  '  |____| .__|_| |_|_| |_\__, | / / / /
 =========|_|==============|___/=/_/_/_/
 :: Spring Boot ::                (v2.4.1)

2021-11-12 12:27:51.686  INFO 12272 --- [    Test worker] o.e.webTest.web.HelloControllerTest      : Starting HelloControllerTest using Java 1.8.0_302 on suhyun-webservice with PID 12272 (started by ec2-user in /home/ec2-user/SHIM-s-Anatomy)
2021-11-12 12:27:51.689  INFO 12272 --- [    Test worker] o.e.webTest.web.HelloControllerTest      : No active profile set, falling back to default profiles: default
2021-11-12 12:27:52.370  INFO 12272 --- [    Test worker] o.s.s.concurrent.ThreadPoolTaskExecutor  : Initializing ExecutorService 'applicationTaskExecutor'
2021-11-12 12:27:52.451  INFO 12272 --- [    Test worker] o.s.b.a.w.s.WelcomePageHandlerMapping    : Adding welcome page template: index
2021-11-12 12:27:52.993  INFO 12272 --- [    Test worker] o.s.s.web.DefaultSecurityFilterChain     : Will secure any request with [org.springframework.security.web.context.request.async.WebAsyncManagerIntegrationFilter@17484ed0, org.springframework.security.web.context.SecurityContextPersistenceFilter@2f75712e, org.springframework.security.web.header.HeaderWriterFilter@67e27d7a, org.springframework.security.web.csrf.CsrfFilter@37f3a0ec, org.springframework.security.web.authentication.logout.LogoutFilter@369d630e, org.springframework.security.oauth2.client.web.OAuth2AuthorizationRequestRedirectFilter@222e5e6d, org.springframework.security.oauth2.client.web.OAuth2AuthorizationRequestRedirectFilter@3b6eff20, org.springframework.security.oauth2.client.web.OAuth2LoginAuthenticationFilter@62a5d94e, org.springframework.security.web.authentication.ui.DefaultLoginPageGeneratingFilter@6ed781a1, org.springframework.security.web.authentication.ui.DefaultLogoutPageGeneratingFilter@1d27e56c, org.springframework.security.web.savedrequest.RequestCacheAwareFilter@69a6369a, org.springframework.security.web.servletapi.SecurityContextHolderAwareRequestFilter@1d5b9f79, org.springframework.security.web.authentication.AnonymousAuthenticationFilter@45ac4398, org.springframework.security.oauth2.client.web.OAuth2AuthorizationCodeGrantFilter@6e66c6a6, org.springframework.security.web.session.SessionManagementFilter@4dbc55aa, org.springframework.security.web.access.ExceptionTranslationFilter@b69bf8d, org.springframework.security.web.access.intercept.FilterSecurityInterceptor@3e5ee630]
2021-11-12 12:27:53.156  INFO 12272 --- [    Test worker] o.s.b.t.m.w.SpringBootMockServletContext : Initializing Spring TestDispatcherServlet ''
2021-11-12 12:27:53.164  INFO 12272 --- [    Test worker] o.s.t.web.servlet.TestDispatcherServlet  : Initializing Servlet ''
2021-11-12 12:27:53.165  INFO 12272 --- [    Test worker] o.s.t.web.servlet.TestDispatcherServlet  : Completed initialization in 1 ms
2021-11-12 12:27:53.189  INFO 12272 --- [    Test worker] o.e.webTest.web.HelloControllerTest      : Started HelloControllerTest in 1.55 seconds (JVM running for 18.14)
]]></system-out>
  <system-err><![CDATA[]]></system-err>
</testsuite>
