<?xml version="1.0" encoding="UTF-8"?>
<testsuite name="org.example.webTest.web.HelloControllerTest" tests="2" skipped="0" failures="0" errors="0" timestamp="2021-09-20T08:46:03" hostname="LAPTOP-A4QEFCE3" time="0.054">
  <properties/>
  <testcase name="helloDto_return()" classname="org.example.webTest.web.HelloControllerTest" time="0.046"/>
  <testcase name="hello_return()" classname="org.example.webTest.web.HelloControllerTest" time="0.008"/>
  <system-out><![CDATA[2021-09-20 17:46:02.547  INFO 13864 --- [    Test worker] .b.t.a.w.s.WebMvcTestContextBootstrapper : Neither @ContextConfiguration nor @ContextHierarchy found for test class [org.example.webTest.web.HelloControllerTest], using SpringBootContextLoader
2021-09-20 17:46:02.547  INFO 13864 --- [    Test worker] o.s.t.c.support.AbstractContextLoader    : Could not detect default resource locations for test class [org.example.webTest.web.HelloControllerTest]: no resource found for suffixes {-context.xml, Context.groovy}.
2021-09-20 17:46:02.548  INFO 13864 --- [    Test worker] t.c.s.AnnotationConfigContextLoaderUtils : Could not detect default configuration classes for test class [org.example.webTest.web.HelloControllerTest]: HelloControllerTest does not declare any static, non-private, non-final, nested classes annotated with @Configuration.
2021-09-20 17:46:02.561  INFO 13864 --- [    Test worker] .b.t.c.SpringBootTestContextBootstrapper : Found @SpringBootConfiguration org.example.webTest.Application for test class org.example.webTest.web.HelloControllerTest
2021-09-20 17:46:02.562  INFO 13864 --- [    Test worker] .b.t.a.w.s.WebMvcTestContextBootstrapper : Loaded default TestExecutionListener class names from location [META-INF/spring.factories]: [org.springframework.security.test.context.support.WithSecurityContextTestExecutionListener, org.springframework.security.test.context.support.ReactorContextTestExecutionListener, org.springframework.boot.test.autoconfigure.restdocs.RestDocsTestExecutionListener, org.springframework.boot.test.autoconfigure.web.client.MockRestServiceServerResetTestExecutionListener, org.springframework.boot.test.autoconfigure.web.servlet.MockMvcPrintOnlyOnFailureTestExecutionListener, org.springframework.boot.test.autoconfigure.web.servlet.WebDriverTestExecutionListener, org.springframework.boot.test.autoconfigure.webservices.client.MockWebServiceServerTestExecutionListener, org.springframework.boot.test.mock.mockito.MockitoTestExecutionListener, org.springframework.boot.test.mock.mockito.ResetMocksTestExecutionListener, org.springframework.test.context.web.ServletTestExecutionListener, org.springframework.test.context.support.DirtiesContextBeforeModesTestExecutionListener, org.springframework.test.context.support.DependencyInjectionTestExecutionListener, org.springframework.test.context.support.DirtiesContextTestExecutionListener, org.springframework.test.context.transaction.TransactionalTestExecutionListener, org.springframework.test.context.jdbc.SqlScriptsTestExecutionListener, org.springframework.test.context.event.EventPublishingTestExecutionListener]
2021-09-20 17:46:02.563  INFO 13864 --- [    Test worker] .b.t.a.w.s.WebMvcTestContextBootstrapper : Using TestExecutionListeners: [org.springframework.test.context.web.ServletTestExecutionListener@53ba09e5, org.springframework.test.context.support.DirtiesContextBeforeModesTestExecutionListener@7c70f7c7, org.springframework.boot.test.mock.mockito.MockitoTestExecutionListener@14d8ee0d, org.springframework.boot.test.autoconfigure.SpringBootDependencyInjectionTestExecutionListener@539ccc4c, org.springframework.test.context.support.DirtiesContextTestExecutionListener@50ea02fb, org.springframework.test.context.transaction.TransactionalTestExecutionListener@2bdf09ee, org.springframework.test.context.jdbc.SqlScriptsTestExecutionListener@7824321e, org.springframework.security.test.context.support.WithSecurityContextTestExecutionListener@4def7ffa, org.springframework.test.context.event.EventPublishingTestExecutionListener@4d124166, org.springframework.security.test.context.support.ReactorContextTestExecutionListener@1ed1b153, org.springframework.boot.test.autoconfigure.restdocs.RestDocsTestExecutionListener@47bcd455, org.springframework.boot.test.autoconfigure.web.client.MockRestServiceServerResetTestExecutionListener@711a63f7, org.springframework.boot.test.autoconfigure.web.servlet.MockMvcPrintOnlyOnFailureTestExecutionListener@2e5c15c3, org.springframework.boot.test.autoconfigure.web.servlet.WebDriverTestExecutionListener@3d147272, org.springframework.boot.test.autoconfigure.webservices.client.MockWebServiceServerTestExecutionListener@1cab07f9, org.springframework.boot.test.mock.mockito.ResetMocksTestExecutionListener@3e8cda40]

  .   ____          _            __ _ _
 /\\ / ___'_ __ _ _(_)_ __  __ _ \ \ \ \
( ( )\___ | '_ | '_| | '_ \/ _` | \ \ \ \
 \\/  ___)| |_)| | | | | || (_| |  ) ) ) )
  '  |____| .__|_| |_|_| |_\__, | / / / /
 =========|_|==============|___/=/_/_/_/
 :: Spring Boot ::                (v2.4.1)

2021-09-20 17:46:02.585  INFO 13864 --- [    Test worker] o.e.webTest.web.HelloControllerTest      : Starting HelloControllerTest using Java 1.8.0_301 on LAPTOP-A4QEFCE3 with PID 13864 (started by suhyun in C:\Users\suhyun\IdeaProjects\SHIM-s-Anatomy)
2021-09-20 17:46:02.585  INFO 13864 --- [    Test worker] o.e.webTest.web.HelloControllerTest      : No active profile set, falling back to default profiles: default
2021-09-20 17:46:02.898  INFO 13864 --- [    Test worker] o.s.s.concurrent.ThreadPoolTaskExecutor  : Initializing ExecutorService 'applicationTaskExecutor'
2021-09-20 17:46:02.924  INFO 13864 --- [    Test worker] o.s.b.a.w.s.WelcomePageHandlerMapping    : Adding welcome page template: index
2021-09-20 17:46:03.195  INFO 13864 --- [    Test worker] o.s.s.web.DefaultSecurityFilterChain     : Will secure any request with [org.springframework.security.web.context.request.async.WebAsyncManagerIntegrationFilter@5aa8aec9, org.springframework.security.web.context.SecurityContextPersistenceFilter@4872a7de, org.springframework.security.web.header.HeaderWriterFilter@5b282c8e, org.springframework.security.web.csrf.CsrfFilter@2140d41e, org.springframework.security.web.authentication.logout.LogoutFilter@19e2897a, org.springframework.security.oauth2.client.web.OAuth2AuthorizationRequestRedirectFilter@51d843f1, org.springframework.security.oauth2.client.web.OAuth2AuthorizationRequestRedirectFilter@78396fb1, org.springframework.security.oauth2.client.web.OAuth2LoginAuthenticationFilter@7c3e1017, org.springframework.security.web.authentication.ui.DefaultLoginPageGeneratingFilter@7ccaac62, org.springframework.security.web.authentication.ui.DefaultLogoutPageGeneratingFilter@659384e7, org.springframework.security.web.savedrequest.RequestCacheAwareFilter@5dd7134f, org.springframework.security.web.servletapi.SecurityContextHolderAwareRequestFilter@47011827, org.springframework.security.web.authentication.AnonymousAuthenticationFilter@46da0cff, org.springframework.security.oauth2.client.web.OAuth2AuthorizationCodeGrantFilter@6518ce44, org.springframework.security.web.session.SessionManagementFilter@7c6ff3d1, org.springframework.security.web.access.ExceptionTranslationFilter@75dc0d82, org.springframework.security.web.access.intercept.FilterSecurityInterceptor@4f997342]
2021-09-20 17:46:03.255  INFO 13864 --- [    Test worker] o.s.b.t.m.w.SpringBootMockServletContext : Initializing Spring TestDispatcherServlet ''
2021-09-20 17:46:03.256  INFO 13864 --- [    Test worker] o.s.t.web.servlet.TestDispatcherServlet  : Initializing Servlet ''
2021-09-20 17:46:03.256  INFO 13864 --- [    Test worker] o.s.t.web.servlet.TestDispatcherServlet  : Completed initialization in 0 ms
2021-09-20 17:46:03.267  INFO 13864 --- [    Test worker] o.e.webTest.web.HelloControllerTest      : Started HelloControllerTest in 0.7 seconds (JVM running for 9.401)
]]></system-out>
  <system-err><![CDATA[]]></system-err>
</testsuite>
