<?xml version="1.0" encoding="UTF-8"?>
<testsuite name="org.example.webTest.web.IndexControllerTest" tests="1" skipped="0" failures="0" errors="0" timestamp="2021-11-12T03:27:57" hostname="suhyun-webservice" time="0.406">
  <properties/>
  <testcase name="mainpage_loading()" classname="org.example.webTest.web.IndexControllerTest" time="0.406"/>
  <system-out><![CDATA[2021-11-12 12:27:53.558  INFO 12272 --- [    Test worker] .b.t.c.SpringBootTestContextBootstrapper : Neither @ContextConfiguration nor @ContextHierarchy found for test class [org.example.webTest.web.IndexControllerTest], using SpringBootContextLoader
2021-11-12 12:27:53.559  INFO 12272 --- [    Test worker] o.s.t.c.support.AbstractContextLoader    : Could not detect default resource locations for test class [org.example.webTest.web.IndexControllerTest]: no resource found for suffixes {-context.xml, Context.groovy}.
2021-11-12 12:27:53.559  INFO 12272 --- [    Test worker] t.c.s.AnnotationConfigContextLoaderUtils : Could not detect default configuration classes for test class [org.example.webTest.web.IndexControllerTest]: IndexControllerTest does not declare any static, non-private, non-final, nested classes annotated with @Configuration.
2021-11-12 12:27:53.561  INFO 12272 --- [    Test worker] .b.t.c.SpringBootTestContextBootstrapper : Found @SpringBootConfiguration org.example.webTest.Application for test class org.example.webTest.web.IndexControllerTest
2021-11-12 12:27:53.572  INFO 12272 --- [    Test worker] .b.t.c.SpringBootTestContextBootstrapper : Loaded default TestExecutionListener class names from location [META-INF/spring.factories]: [org.springframework.security.test.context.support.WithSecurityContextTestExecutionListener, org.springframework.security.test.context.support.ReactorContextTestExecutionListener, org.springframework.boot.test.autoconfigure.restdocs.RestDocsTestExecutionListener, org.springframework.boot.test.autoconfigure.web.client.MockRestServiceServerResetTestExecutionListener, org.springframework.boot.test.autoconfigure.web.servlet.MockMvcPrintOnlyOnFailureTestExecutionListener, org.springframework.boot.test.autoconfigure.web.servlet.WebDriverTestExecutionListener, org.springframework.boot.test.autoconfigure.webservices.client.MockWebServiceServerTestExecutionListener, org.springframework.boot.test.mock.mockito.MockitoTestExecutionListener, org.springframework.boot.test.mock.mockito.ResetMocksTestExecutionListener, org.springframework.test.context.web.ServletTestExecutionListener, org.springframework.test.context.support.DirtiesContextBeforeModesTestExecutionListener, org.springframework.test.context.support.DependencyInjectionTestExecutionListener, org.springframework.test.context.support.DirtiesContextTestExecutionListener, org.springframework.test.context.transaction.TransactionalTestExecutionListener, org.springframework.test.context.jdbc.SqlScriptsTestExecutionListener, org.springframework.test.context.event.EventPublishingTestExecutionListener]
2021-11-12 12:27:53.574  INFO 12272 --- [    Test worker] .b.t.c.SpringBootTestContextBootstrapper : Using TestExecutionListeners: [org.springframework.test.context.web.ServletTestExecutionListener@3e9da7de, org.springframework.test.context.support.DirtiesContextBeforeModesTestExecutionListener@55b765c, org.springframework.boot.test.mock.mockito.MockitoTestExecutionListener@6309537b, org.springframework.boot.test.autoconfigure.SpringBootDependencyInjectionTestExecutionListener@36a21f8e, org.springframework.test.context.support.DirtiesContextTestExecutionListener@65d2fdd3, org.springframework.test.context.transaction.TransactionalTestExecutionListener@3b658ea3, org.springframework.test.context.jdbc.SqlScriptsTestExecutionListener@12de903f, org.springframework.security.test.context.support.WithSecurityContextTestExecutionListener@3426a385, org.springframework.test.context.event.EventPublishingTestExecutionListener@46e8ecb7, org.springframework.security.test.context.support.ReactorContextTestExecutionListener@51ef625f, org.springframework.boot.test.autoconfigure.restdocs.RestDocsTestExecutionListener@37565f35, org.springframework.boot.test.autoconfigure.web.client.MockRestServiceServerResetTestExecutionListener@36edf8d1, org.springframework.boot.test.autoconfigure.web.servlet.MockMvcPrintOnlyOnFailureTestExecutionListener@376127ef, org.springframework.boot.test.autoconfigure.web.servlet.WebDriverTestExecutionListener@1db646c6, org.springframework.boot.test.autoconfigure.webservices.client.MockWebServiceServerTestExecutionListener@181c1db2, org.springframework.boot.test.mock.mockito.ResetMocksTestExecutionListener@416e4510]

  .   ____          _            __ _ _
 /\\ / ___'_ __ _ _(_)_ __  __ _ \ \ \ \
( ( )\___ | '_ | '_| | '_ \/ _` | \ \ \ \
 \\/  ___)| |_)| | | | | || (_| |  ) ) ) )
  '  |____| .__|_| |_|_| |_\__, | / / / /
 =========|_|==============|___/=/_/_/_/
 :: Spring Boot ::                (v2.4.1)

2021-11-12 12:27:53.645  INFO 12272 --- [    Test worker] o.e.webTest.web.IndexControllerTest      : Starting IndexControllerTest using Java 1.8.0_302 on suhyun-webservice with PID 12272 (started by ec2-user in /home/ec2-user/SHIM-s-Anatomy)
2021-11-12 12:27:53.648  INFO 12272 --- [    Test worker] o.e.webTest.web.IndexControllerTest      : No active profile set, falling back to default profiles: default
2021-11-12 12:27:54.040  INFO 12272 --- [    Test worker] .s.d.r.c.RepositoryConfigurationDelegate : Bootstrapping Spring Data JPA repositories in DEFAULT mode.
2021-11-12 12:27:54.069  INFO 12272 --- [    Test worker] .s.d.r.c.RepositoryConfigurationDelegate : Finished Spring Data repository scanning in 28 ms. Found 2 JPA repository interfaces.
2021-11-12 12:27:54.710  INFO 12272 --- [    Test worker] o.s.b.w.embedded.tomcat.TomcatWebServer  : Tomcat initialized with port(s): 0 (http)
2021-11-12 12:27:54.742  INFO 12272 --- [    Test worker] o.apache.catalina.core.StandardService   : Starting service [Tomcat]
2021-11-12 12:27:54.743  INFO 12272 --- [    Test worker] org.apache.catalina.core.StandardEngine  : Starting Servlet engine: [Apache Tomcat/9.0.41]
2021-11-12 12:27:55.185  INFO 12272 --- [    Test worker] o.a.c.c.C.[Tomcat].[localhost].[/]       : Initializing Spring embedded WebApplicationContext
2021-11-12 12:27:55.185  INFO 12272 --- [    Test worker] w.s.c.ServletWebServerApplicationContext : Root WebApplicationContext: initialization completed in 1528 ms
2021-11-12 12:27:55.403  INFO 12272 --- [    Test worker] com.zaxxer.hikari.HikariDataSource       : HikariPool-2 - Starting...
2021-11-12 12:27:55.409  INFO 12272 --- [    Test worker] com.zaxxer.hikari.HikariDataSource       : HikariPool-2 - Start completed.
2021-11-12 12:27:55.441  INFO 12272 --- [    Test worker] o.hibernate.jpa.internal.util.LogHelper  : HHH000204: Processing PersistenceUnitInfo [name: default]
2021-11-12 12:27:55.453  INFO 12272 --- [    Test worker] org.hibernate.dialect.Dialect            : HHH000400: Using dialect: org.hibernate.dialect.MySQL57Dialect
Hibernate: drop table if exists posts
Hibernate: drop table if exists user
Hibernate: create table posts (id bigint not null auto_increment, created_date datetime(6), modified_date datetime(6), author varchar(255), content TEXT not null, title varchar(500) not null, primary key (id)) engine=InnoDB
Hibernate: create table user (id bigint not null auto_increment, created_date datetime(6), modified_date datetime(6), email varchar(255) not null, name varchar(255) not null, picture varchar(255), role varchar(255) not null, primary key (id)) engine=InnoDB
2021-11-12 12:27:55.630  INFO 12272 --- [    Test worker] o.h.e.t.j.p.i.JtaPlatformInitiator       : HHH000490: Using JtaPlatform implementation: [org.hibernate.engine.transaction.jta.platform.internal.NoJtaPlatform]
2021-11-12 12:27:55.631  INFO 12272 --- [    Test worker] j.LocalContainerEntityManagerFactoryBean : Initialized JPA EntityManagerFactory for persistence unit 'default'
2021-11-12 12:27:56.161  WARN 12272 --- [    Test worker] JpaBaseConfiguration$JpaWebConfiguration : spring.jpa.open-in-view is enabled by default. Therefore, database queries may be performed during view rendering. Explicitly configure spring.jpa.open-in-view to disable this warning
2021-11-12 12:27:56.576  INFO 12272 --- [    Test worker] o.s.s.web.DefaultSecurityFilterChain     : Will secure any request with [org.springframework.security.web.context.request.async.WebAsyncManagerIntegrationFilter@519bca25, org.springframework.security.web.context.SecurityContextPersistenceFilter@5994c818, org.springframework.security.web.header.HeaderWriterFilter@5e3759aa, org.springframework.security.web.authentication.logout.LogoutFilter@2ed7b99c, org.springframework.security.oauth2.client.web.OAuth2AuthorizationRequestRedirectFilter@49e8ccd6, org.springframework.security.oauth2.client.web.OAuth2LoginAuthenticationFilter@17f75e9, org.springframework.security.web.authentication.ui.DefaultLoginPageGeneratingFilter@1441668e, org.springframework.security.web.authentication.ui.DefaultLogoutPageGeneratingFilter@7fba87b2, org.springframework.security.web.savedrequest.RequestCacheAwareFilter@218fc03, org.springframework.security.web.servletapi.SecurityContextHolderAwareRequestFilter@66861fe3, org.springframework.security.web.authentication.AnonymousAuthenticationFilter@70bb7aef, org.springframework.security.web.session.SessionManagementFilter@4776b86d, org.springframework.security.web.access.ExceptionTranslationFilter@70556041, org.springframework.security.web.access.intercept.FilterSecurityInterceptor@4f4c387c]
2021-11-12 12:27:56.812  INFO 12272 --- [    Test worker] o.s.s.concurrent.ThreadPoolTaskExecutor  : Initializing ExecutorService 'applicationTaskExecutor'
2021-11-12 12:27:56.886  INFO 12272 --- [    Test worker] o.s.b.a.w.s.WelcomePageHandlerMapping    : Adding welcome page template: index
2021-11-12 12:27:57.353  INFO 12272 --- [    Test worker] o.s.b.w.embedded.tomcat.TomcatWebServer  : Tomcat started on port(s): 41455 (http) with context path ''
2021-11-12 12:27:57.362  INFO 12272 --- [    Test worker] s.a.ScheduledAnnotationBeanPostProcessor : No TaskScheduler/ScheduledExecutorService bean found for scheduled processing
2021-11-12 12:27:57.372  INFO 12272 --- [    Test worker] o.e.webTest.web.IndexControllerTest      : Started IndexControllerTest in 3.794 seconds (JVM running for 22.323)
2021-11-12 12:27:57.598  INFO 12272 --- [o-auto-1-exec-1] o.a.c.c.C.[Tomcat].[localhost].[/]       : Initializing Spring DispatcherServlet 'dispatcherServlet'
2021-11-12 12:27:57.604  INFO 12272 --- [o-auto-1-exec-1] o.s.web.servlet.DispatcherServlet        : Initializing Servlet 'dispatcherServlet'
2021-11-12 12:27:57.605  INFO 12272 --- [o-auto-1-exec-1] o.s.web.servlet.DispatcherServlet        : Completed initialization in 1 ms
Hibernate: select posts0_.id as id1_0_, posts0_.created_date as created_2_0_, posts0_.modified_date as modified3_0_, posts0_.author as author4_0_, posts0_.content as content5_0_, posts0_.title as title6_0_ from posts posts0_ order by posts0_.id DESC
]]></system-out>
  <system-err><![CDATA[]]></system-err>
</testsuite>
