<?xml version="1.0" encoding="UTF-8"?>
<testsuite name="org.example.webTest.web.IndexControllerTest" tests="1" skipped="0" failures="0" errors="0" timestamp="2021-11-21T14:32:37" hostname="LAPTOP-A4QEFCE3" time="0.482">
  <properties/>
  <testcase name="mainpage_loading()" classname="org.example.webTest.web.IndexControllerTest" time="0.482"/>
  <system-out><![CDATA[23:32:29.273 [Test worker] DEBUG org.springframework.test.context.BootstrapUtils - Instantiating CacheAwareContextLoaderDelegate from class [org.springframework.test.context.cache.DefaultCacheAwareContextLoaderDelegate]
23:32:29.294 [Test worker] DEBUG org.springframework.test.context.BootstrapUtils - Instantiating BootstrapContext using constructor [public org.springframework.test.context.support.DefaultBootstrapContext(java.lang.Class,org.springframework.test.context.CacheAwareContextLoaderDelegate)]
23:32:29.330 [Test worker] DEBUG org.springframework.test.context.BootstrapUtils - Instantiating TestContextBootstrapper for test class [org.example.webTest.web.IndexControllerTest] from class [org.springframework.boot.test.context.SpringBootTestContextBootstrapper]
23:32:29.351 [Test worker] INFO org.springframework.boot.test.context.SpringBootTestContextBootstrapper - Neither @ContextConfiguration nor @ContextHierarchy found for test class [org.example.webTest.web.IndexControllerTest], using SpringBootContextLoader
23:32:29.356 [Test worker] DEBUG org.springframework.test.context.support.AbstractContextLoader - Did not detect default resource location for test class [org.example.webTest.web.IndexControllerTest]: class path resource [org/example/webTest/web/IndexControllerTest-context.xml] does not exist
23:32:29.356 [Test worker] DEBUG org.springframework.test.context.support.AbstractContextLoader - Did not detect default resource location for test class [org.example.webTest.web.IndexControllerTest]: class path resource [org/example/webTest/web/IndexControllerTestContext.groovy] does not exist
23:32:29.356 [Test worker] INFO org.springframework.test.context.support.AbstractContextLoader - Could not detect default resource locations for test class [org.example.webTest.web.IndexControllerTest]: no resource found for suffixes {-context.xml, Context.groovy}.
23:32:29.356 [Test worker] INFO org.springframework.test.context.support.AnnotationConfigContextLoaderUtils - Could not detect default configuration classes for test class [org.example.webTest.web.IndexControllerTest]: IndexControllerTest does not declare any static, non-private, non-final, nested classes annotated with @Configuration.
23:32:29.423 [Test worker] DEBUG org.springframework.test.context.support.ActiveProfilesUtils - Could not find an 'annotation declaring class' for annotation type [org.springframework.test.context.ActiveProfiles] and class [org.example.webTest.web.IndexControllerTest]
23:32:29.531 [Test worker] DEBUG org.springframework.context.annotation.ClassPathScanningCandidateComponentProvider - Identified candidate component class: file [C:\Users\suhyun\OneDrive\바탕 화면\suhyun files\SHIM's anatomy\build\classes\java\main\org\example\webTest\Application.class]
23:32:29.539 [Test worker] INFO org.springframework.boot.test.context.SpringBootTestContextBootstrapper - Found @SpringBootConfiguration org.example.webTest.Application for test class org.example.webTest.web.IndexControllerTest
23:32:29.655 [Test worker] DEBUG org.springframework.boot.test.context.SpringBootTestContextBootstrapper - @TestExecutionListeners is not present for class [org.example.webTest.web.IndexControllerTest]: using defaults.
23:32:29.655 [Test worker] INFO org.springframework.boot.test.context.SpringBootTestContextBootstrapper - Loaded default TestExecutionListener class names from location [META-INF/spring.factories]: [org.springframework.security.test.context.support.WithSecurityContextTestExecutionListener, org.springframework.security.test.context.support.ReactorContextTestExecutionListener, org.springframework.boot.test.autoconfigure.restdocs.RestDocsTestExecutionListener, org.springframework.boot.test.autoconfigure.web.client.MockRestServiceServerResetTestExecutionListener, org.springframework.boot.test.autoconfigure.web.servlet.MockMvcPrintOnlyOnFailureTestExecutionListener, org.springframework.boot.test.autoconfigure.web.servlet.WebDriverTestExecutionListener, org.springframework.boot.test.autoconfigure.webservices.client.MockWebServiceServerTestExecutionListener, org.springframework.boot.test.mock.mockito.MockitoTestExecutionListener, org.springframework.boot.test.mock.mockito.ResetMocksTestExecutionListener, org.springframework.test.context.web.ServletTestExecutionListener, org.springframework.test.context.support.DirtiesContextBeforeModesTestExecutionListener, org.springframework.test.context.support.DependencyInjectionTestExecutionListener, org.springframework.test.context.support.DirtiesContextTestExecutionListener, org.springframework.test.context.transaction.TransactionalTestExecutionListener, org.springframework.test.context.jdbc.SqlScriptsTestExecutionListener, org.springframework.test.context.event.EventPublishingTestExecutionListener]
23:32:29.688 [Test worker] INFO org.springframework.boot.test.context.SpringBootTestContextBootstrapper - Using TestExecutionListeners: [org.springframework.test.context.web.ServletTestExecutionListener@6005377b, org.springframework.test.context.support.DirtiesContextBeforeModesTestExecutionListener@51acb7bf, org.springframework.boot.test.mock.mockito.MockitoTestExecutionListener@865fc37, org.springframework.boot.test.autoconfigure.SpringBootDependencyInjectionTestExecutionListener@5cd43409, org.springframework.test.context.support.DirtiesContextTestExecutionListener@15236e07, org.springframework.test.context.transaction.TransactionalTestExecutionListener@21863253, org.springframework.test.context.jdbc.SqlScriptsTestExecutionListener@6a5e610, org.springframework.security.test.context.support.WithSecurityContextTestExecutionListener@7b2ceeb1, org.springframework.test.context.event.EventPublishingTestExecutionListener@7571f485, org.springframework.security.test.context.support.ReactorContextTestExecutionListener@65f554d2, org.springframework.boot.test.autoconfigure.restdocs.RestDocsTestExecutionListener@4c49ab1a, org.springframework.boot.test.autoconfigure.web.client.MockRestServiceServerResetTestExecutionListener@508c9d44, org.springframework.boot.test.autoconfigure.web.servlet.MockMvcPrintOnlyOnFailureTestExecutionListener@2a238e0c, org.springframework.boot.test.autoconfigure.web.servlet.WebDriverTestExecutionListener@65bf0c5e, org.springframework.boot.test.autoconfigure.webservices.client.MockWebServiceServerTestExecutionListener@64af6a88, org.springframework.boot.test.mock.mockito.ResetMocksTestExecutionListener@507dbde4]
23:32:29.696 [Test worker] DEBUG org.springframework.test.context.support.AbstractDirtiesContextTestExecutionListener - Before test class: context [DefaultTestContext@2acc60f testClass = IndexControllerTest, testInstance = [null], testMethod = [null], testException = [null], mergedContextConfiguration = [WebMergedContextConfiguration@57b18f22 testClass = IndexControllerTest, locations = '{}', classes = '{class org.example.webTest.Application}', contextInitializerClasses = '[]', activeProfiles = '{}', propertySourceLocations = '{}', propertySourceProperties = '{org.springframework.boot.test.context.SpringBootTestContextBootstrapper=true, server.port=0}', contextCustomizers = set[org.springframework.boot.test.autoconfigure.actuate.metrics.MetricsExportContextCustomizerFactory$DisableMetricExportContextCustomizer@2568f1c2, org.springframework.boot.test.autoconfigure.properties.PropertyMappingContextCustomizer@0, org.springframework.boot.test.autoconfigure.web.servlet.WebDriverContextCustomizerFactory$Customizer@6d862d90, org.springframework.boot.test.context.filter.ExcludeFilterContextCustomizer@46e37cea, org.springframework.boot.test.json.DuplicateJsonObjectContextCustomizerFactory$DuplicateJsonObjectContextCustomizer@2d7d9ab, org.springframework.boot.test.mock.mockito.MockitoContextCustomizer@0, org.springframework.boot.test.web.client.TestRestTemplateContextCustomizer@4e082656, org.springframework.boot.test.context.SpringBootTestArgs@1, org.springframework.boot.test.context.SpringBootTestWebEnvironment@45328b74], resourceBasePath = 'src/main/webapp', contextLoader = 'org.springframework.boot.test.context.SpringBootContextLoader', parent = [null]], attributes = map['org.springframework.test.context.web.ServletTestExecutionListener.activateListener' -> false]], class annotated with @DirtiesContext [false] with mode [null].
23:32:29.704 [Test worker] DEBUG org.springframework.test.context.support.DependencyInjectionTestExecutionListener - Performing dependency injection for test context [[DefaultTestContext@2acc60f testClass = IndexControllerTest, testInstance = org.example.webTest.web.IndexControllerTest@5767aa33, testMethod = [null], testException = [null], mergedContextConfiguration = [WebMergedContextConfiguration@57b18f22 testClass = IndexControllerTest, locations = '{}', classes = '{class org.example.webTest.Application}', contextInitializerClasses = '[]', activeProfiles = '{}', propertySourceLocations = '{}', propertySourceProperties = '{org.springframework.boot.test.context.SpringBootTestContextBootstrapper=true, server.port=0}', contextCustomizers = set[org.springframework.boot.test.autoconfigure.actuate.metrics.MetricsExportContextCustomizerFactory$DisableMetricExportContextCustomizer@2568f1c2, org.springframework.boot.test.autoconfigure.properties.PropertyMappingContextCustomizer@0, org.springframework.boot.test.autoconfigure.web.servlet.WebDriverContextCustomizerFactory$Customizer@6d862d90, org.springframework.boot.test.context.filter.ExcludeFilterContextCustomizer@46e37cea, org.springframework.boot.test.json.DuplicateJsonObjectContextCustomizerFactory$DuplicateJsonObjectContextCustomizer@2d7d9ab, org.springframework.boot.test.mock.mockito.MockitoContextCustomizer@0, org.springframework.boot.test.web.client.TestRestTemplateContextCustomizer@4e082656, org.springframework.boot.test.context.SpringBootTestArgs@1, org.springframework.boot.test.context.SpringBootTestWebEnvironment@45328b74], resourceBasePath = 'src/main/webapp', contextLoader = 'org.springframework.boot.test.context.SpringBootContextLoader', parent = [null]], attributes = map['org.springframework.test.context.web.ServletTestExecutionListener.activateListener' -> false]]].
23:32:29.745 [Test worker] DEBUG org.springframework.test.context.support.TestPropertySourceUtils - Adding inlined properties to environment: {spring.jmx.enabled=false, org.springframework.boot.test.context.SpringBootTestContextBootstrapper=true, server.port=0}

  .   ____          _            __ _ _
 /\\ / ___'_ __ _ _(_)_ __  __ _ \ \ \ \
( ( )\___ | '_ | '_| | '_ \/ _` | \ \ \ \
 \\/  ___)| |_)| | | | | || (_| |  ) ) ) )
  '  |____| .__|_| |_|_| |_\__, | / / / /
 =========|_|==============|___/=/_/_/_/
 :: Spring Boot ::                (v2.4.1)

2021-11-21 23:32:30.067  INFO 37960 --- [    Test worker] o.e.webTest.web.IndexControllerTest      : Starting IndexControllerTest using Java 1.8.0_301 on LAPTOP-A4QEFCE3 with PID 37960 (started by suhyun in C:\Users\suhyun\OneDrive\바탕 화면\suhyun files\SHIM's anatomy)
2021-11-21 23:32:30.075  INFO 37960 --- [    Test worker] o.e.webTest.web.IndexControllerTest      : No active profile set, falling back to default profiles: default
2021-11-21 23:32:30.956  INFO 37960 --- [    Test worker] .s.d.r.c.RepositoryConfigurationDelegate : Bootstrapping Spring Data JPA repositories in DEFAULT mode.
2021-11-21 23:32:31.053  INFO 37960 --- [    Test worker] .s.d.r.c.RepositoryConfigurationDelegate : Finished Spring Data repository scanning in 84 ms. Found 2 JPA repository interfaces.
2021-11-21 23:32:31.990  INFO 37960 --- [    Test worker] o.s.b.w.embedded.tomcat.TomcatWebServer  : Tomcat initialized with port(s): 0 (http)
2021-11-21 23:32:32.006  INFO 37960 --- [    Test worker] o.apache.catalina.core.StandardService   : Starting service [Tomcat]
2021-11-21 23:32:32.006  INFO 37960 --- [    Test worker] org.apache.catalina.core.StandardEngine  : Starting Servlet engine: [Apache Tomcat/9.0.41]
2021-11-21 23:32:32.171  INFO 37960 --- [    Test worker] o.a.c.c.C.[Tomcat].[localhost].[/]       : Initializing Spring embedded WebApplicationContext
2021-11-21 23:32:32.171  INFO 37960 --- [    Test worker] w.s.c.ServletWebServerApplicationContext : Root WebApplicationContext: initialization completed in 2072 ms
2021-11-21 23:32:32.581  INFO 37960 --- [    Test worker] com.zaxxer.hikari.HikariDataSource       : HikariPool-1 - Starting...
2021-11-21 23:32:32.867  INFO 37960 --- [    Test worker] com.zaxxer.hikari.HikariDataSource       : HikariPool-1 - Start completed.
2021-11-21 23:32:32.966  INFO 37960 --- [    Test worker] o.hibernate.jpa.internal.util.LogHelper  : HHH000204: Processing PersistenceUnitInfo [name: default]
2021-11-21 23:32:33.073  INFO 37960 --- [    Test worker] org.hibernate.Version                    : HHH000412: Hibernate ORM core version 5.4.25.Final
2021-11-21 23:32:33.353  INFO 37960 --- [    Test worker] o.hibernate.annotations.common.Version   : HCANN000001: Hibernate Commons Annotations {5.1.2.Final}
2021-11-21 23:32:33.587  INFO 37960 --- [    Test worker] org.hibernate.dialect.Dialect            : HHH000400: Using dialect: org.hibernate.dialect.MySQL57Dialect
Hibernate: drop table if exists posts
Hibernate: drop table if exists user
Hibernate: create table posts (id bigint not null auto_increment, created_date datetime(6), modified_date datetime(6), author varchar(255), content TEXT not null, title varchar(500) not null, primary key (id)) engine=InnoDB
Hibernate: create table user (id bigint not null auto_increment, created_date datetime(6), modified_date datetime(6), email varchar(255) not null, name varchar(255) not null, picture varchar(255), role varchar(255) not null, primary key (id)) engine=InnoDB
2021-11-21 23:32:34.496  INFO 37960 --- [    Test worker] o.h.e.t.j.p.i.JtaPlatformInitiator       : HHH000490: Using JtaPlatform implementation: [org.hibernate.engine.transaction.jta.platform.internal.NoJtaPlatform]
2021-11-21 23:32:34.512  INFO 37960 --- [    Test worker] j.LocalContainerEntityManagerFactoryBean : Initialized JPA EntityManagerFactory for persistence unit 'default'
2021-11-21 23:32:35.472  WARN 37960 --- [    Test worker] JpaBaseConfiguration$JpaWebConfiguration : spring.jpa.open-in-view is enabled by default. Therefore, database queries may be performed during view rendering. Explicitly configure spring.jpa.open-in-view to disable this warning
2021-11-21 23:32:36.141  INFO 37960 --- [    Test worker] o.s.s.web.DefaultSecurityFilterChain     : Will secure any request with [org.springframework.security.web.context.request.async.WebAsyncManagerIntegrationFilter@6efc084, org.springframework.security.web.context.SecurityContextPersistenceFilter@145b9c58, org.springframework.security.web.header.HeaderWriterFilter@74f82c3a, org.springframework.security.web.authentication.logout.LogoutFilter@612e8f0d, org.springframework.security.oauth2.client.web.OAuth2AuthorizationRequestRedirectFilter@3e29de05, org.springframework.security.oauth2.client.web.OAuth2LoginAuthenticationFilter@6e5c07cc, org.springframework.security.web.authentication.ui.DefaultLoginPageGeneratingFilter@5acce4da, org.springframework.security.web.authentication.ui.DefaultLogoutPageGeneratingFilter@55219f83, org.springframework.security.web.savedrequest.RequestCacheAwareFilter@1aff7159, org.springframework.security.web.servletapi.SecurityContextHolderAwareRequestFilter@7d6e4e59, org.springframework.security.web.authentication.AnonymousAuthenticationFilter@6e01b9dc, org.springframework.security.web.session.SessionManagementFilter@59e9ac9c, org.springframework.security.web.access.ExceptionTranslationFilter@38470fe7, org.springframework.security.web.access.intercept.FilterSecurityInterceptor@344963ec]
2021-11-21 23:32:36.502  INFO 37960 --- [    Test worker] o.s.s.concurrent.ThreadPoolTaskExecutor  : Initializing ExecutorService 'applicationTaskExecutor'
2021-11-21 23:32:36.651  INFO 37960 --- [    Test worker] o.s.b.a.w.s.WelcomePageHandlerMapping    : Adding welcome page template: index
2021-11-21 23:32:37.041  INFO 37960 --- [    Test worker] o.s.b.w.embedded.tomcat.TomcatWebServer  : Tomcat started on port(s): 58810 (http) with context path ''
2021-11-21 23:32:37.062  INFO 37960 --- [    Test worker] s.a.ScheduledAnnotationBeanPostProcessor : No TaskScheduler/ScheduledExecutorService bean found for scheduled processing
2021-11-21 23:32:37.072  INFO 37960 --- [    Test worker] o.e.webTest.web.IndexControllerTest      : Started IndexControllerTest in 7.33 seconds (JVM running for 9.023)
2021-11-21 23:32:37.324  INFO 37960 --- [o-auto-1-exec-2] o.a.c.c.C.[Tomcat].[localhost].[/]       : Initializing Spring DispatcherServlet 'dispatcherServlet'
2021-11-21 23:32:37.324  INFO 37960 --- [o-auto-1-exec-2] o.s.web.servlet.DispatcherServlet        : Initializing Servlet 'dispatcherServlet'
2021-11-21 23:32:37.324  INFO 37960 --- [o-auto-1-exec-2] o.s.web.servlet.DispatcherServlet        : Completed initialization in 0 ms
Hibernate: select posts0_.id as id1_0_, posts0_.created_date as created_2_0_, posts0_.modified_date as modified3_0_, posts0_.author as author4_0_, posts0_.content as content5_0_, posts0_.title as title6_0_ from posts posts0_ order by posts0_.id DESC
]]></system-out>
  <system-err><![CDATA[]]></system-err>
</testsuite>
