<?xml version="1.0" encoding="UTF-8"?>
<testsuite name="org.example.webTest.web.HelloControllerTest" tests="2" skipped="0" failures="0" errors="0" timestamp="2021-10-28T06:30:28" hostname="LAPTOP-A4QEFCE3" time="0.151">
  <properties/>
  <testcase name="helloDto_return()" classname="org.example.webTest.web.HelloControllerTest" time="0.14"/>
  <testcase name="hello_return()" classname="org.example.webTest.web.HelloControllerTest" time="0.01"/>
  <system-out><![CDATA[2021-10-28 15:30:27.242  INFO 28868 --- [    Test worker] .b.t.a.w.s.WebMvcTestContextBootstrapper : Neither @ContextConfiguration nor @ContextHierarchy found for test class [org.example.webTest.web.HelloControllerTest], using SpringBootContextLoader
2021-10-28 15:30:27.243  INFO 28868 --- [    Test worker] o.s.t.c.support.AbstractContextLoader    : Could not detect default resource locations for test class [org.example.webTest.web.HelloControllerTest]: no resource found for suffixes {-context.xml, Context.groovy}.
2021-10-28 15:30:27.244  INFO 28868 --- [    Test worker] t.c.s.AnnotationConfigContextLoaderUtils : Could not detect default configuration classes for test class [org.example.webTest.web.HelloControllerTest]: HelloControllerTest does not declare any static, non-private, non-final, nested classes annotated with @Configuration.
2021-10-28 15:30:27.272  INFO 28868 --- [    Test worker] .b.t.c.SpringBootTestContextBootstrapper : Found @SpringBootConfiguration org.example.webTest.Application for test class org.example.webTest.web.HelloControllerTest
2021-10-28 15:30:27.274  INFO 28868 --- [    Test worker] .b.t.a.w.s.WebMvcTestContextBootstrapper : Loaded default TestExecutionListener class names from location [META-INF/spring.factories]: [org.springframework.security.test.context.support.WithSecurityContextTestExecutionListener, org.springframework.security.test.context.support.ReactorContextTestExecutionListener, org.springframework.boot.test.autoconfigure.restdocs.RestDocsTestExecutionListener, org.springframework.boot.test.autoconfigure.web.client.MockRestServiceServerResetTestExecutionListener, org.springframework.boot.test.autoconfigure.web.servlet.MockMvcPrintOnlyOnFailureTestExecutionListener, org.springframework.boot.test.autoconfigure.web.servlet.WebDriverTestExecutionListener, org.springframework.boot.test.autoconfigure.webservices.client.MockWebServiceServerTestExecutionListener, org.springframework.boot.test.mock.mockito.MockitoTestExecutionListener, org.springframework.boot.test.mock.mockito.ResetMocksTestExecutionListener, org.springframework.test.context.web.ServletTestExecutionListener, org.springframework.test.context.support.DirtiesContextBeforeModesTestExecutionListener, org.springframework.test.context.support.DependencyInjectionTestExecutionListener, org.springframework.test.context.support.DirtiesContextTestExecutionListener, org.springframework.test.context.transaction.TransactionalTestExecutionListener, org.springframework.test.context.jdbc.SqlScriptsTestExecutionListener, org.springframework.test.context.event.EventPublishingTestExecutionListener]
2021-10-28 15:30:27.275  INFO 28868 --- [    Test worker] .b.t.a.w.s.WebMvcTestContextBootstrapper : Using TestExecutionListeners: [org.springframework.test.context.web.ServletTestExecutionListener@5d5a3c80, org.springframework.test.context.support.DirtiesContextBeforeModesTestExecutionListener@1c9dc109, org.springframework.boot.test.mock.mockito.MockitoTestExecutionListener@6e98c00c, org.springframework.boot.test.autoconfigure.SpringBootDependencyInjectionTestExecutionListener@18a815eb, org.springframework.test.context.support.DirtiesContextTestExecutionListener@149a9442, org.springframework.test.context.transaction.TransactionalTestExecutionListener@667d9a51, org.springframework.test.context.jdbc.SqlScriptsTestExecutionListener@4e4dbe32, org.springframework.security.test.context.support.WithSecurityContextTestExecutionListener@1612fd5d, org.springframework.test.context.event.EventPublishingTestExecutionListener@566a4359, org.springframework.security.test.context.support.ReactorContextTestExecutionListener@5ccff4d7, org.springframework.boot.test.autoconfigure.restdocs.RestDocsTestExecutionListener@7f506d52, org.springframework.boot.test.autoconfigure.web.client.MockRestServiceServerResetTestExecutionListener@7e298ff0, org.springframework.boot.test.autoconfigure.web.servlet.MockMvcPrintOnlyOnFailureTestExecutionListener@7a5d6be7, org.springframework.boot.test.autoconfigure.web.servlet.WebDriverTestExecutionListener@59175137, org.springframework.boot.test.autoconfigure.webservices.client.MockWebServiceServerTestExecutionListener@25d18dba, org.springframework.boot.test.mock.mockito.ResetMocksTestExecutionListener@1735d0ff]

  .   ____          _            __ _ _
 /\\ / ___'_ __ _ _(_)_ __  __ _ \ \ \ \
( ( )\___ | '_ | '_| | '_ \/ _` | \ \ \ \
 \\/  ___)| |_)| | | | | || (_| |  ) ) ) )
  '  |____| .__|_| |_|_| |_\__, | / / / /
 =========|_|==============|___/=/_/_/_/
 :: Spring Boot ::                (v2.4.1)

2021-10-28 15:30:27.308  INFO 28868 --- [    Test worker] o.e.webTest.web.HelloControllerTest      : Starting HelloControllerTest using Java 1.8.0_301 on LAPTOP-A4QEFCE3 with PID 28868 (started by suhyun in C:\Users\suhyun\OneDrive\바탕 화면\suhyun files\SHIM's anatomy)
2021-10-28 15:30:27.309  INFO 28868 --- [    Test worker] o.e.webTest.web.HelloControllerTest      : No active profile set, falling back to default profiles: default
2021-10-28 15:30:27.710  INFO 28868 --- [    Test worker] o.s.s.concurrent.ThreadPoolTaskExecutor  : Initializing ExecutorService 'applicationTaskExecutor'
2021-10-28 15:30:27.739  INFO 28868 --- [    Test worker] o.s.b.a.w.s.WelcomePageHandlerMapping    : Adding welcome page template: index
2021-10-28 15:30:28.015  INFO 28868 --- [    Test worker] o.s.s.web.DefaultSecurityFilterChain     : Will secure any request with [org.springframework.security.web.context.request.async.WebAsyncManagerIntegrationFilter@655d09ee, org.springframework.security.web.context.SecurityContextPersistenceFilter@cb0e820, org.springframework.security.web.header.HeaderWriterFilter@274bb233, org.springframework.security.web.csrf.CsrfFilter@4955d85e, org.springframework.security.web.authentication.logout.LogoutFilter@4f976f04, org.springframework.security.oauth2.client.web.OAuth2AuthorizationRequestRedirectFilter@e0b9cb0, org.springframework.security.oauth2.client.web.OAuth2AuthorizationRequestRedirectFilter@6a86e469, org.springframework.security.oauth2.client.web.OAuth2LoginAuthenticationFilter@7341a78e, org.springframework.security.web.authentication.ui.DefaultLoginPageGeneratingFilter@75f8e5e9, org.springframework.security.web.authentication.ui.DefaultLogoutPageGeneratingFilter@6e59e460, org.springframework.security.web.savedrequest.RequestCacheAwareFilter@26a39ec9, org.springframework.security.web.servletapi.SecurityContextHolderAwareRequestFilter@5c036a04, org.springframework.security.web.authentication.AnonymousAuthenticationFilter@648d79d7, org.springframework.security.oauth2.client.web.OAuth2AuthorizationCodeGrantFilter@50ab5eb2, org.springframework.security.web.session.SessionManagementFilter@403b09ac, org.springframework.security.web.access.ExceptionTranslationFilter@4c0cd6a1, org.springframework.security.web.access.intercept.FilterSecurityInterceptor@5b22d9fe]
2021-10-28 15:30:28.103  INFO 28868 --- [    Test worker] o.s.b.t.m.w.SpringBootMockServletContext : Initializing Spring TestDispatcherServlet ''
2021-10-28 15:30:28.103  INFO 28868 --- [    Test worker] o.s.t.web.servlet.TestDispatcherServlet  : Initializing Servlet ''
2021-10-28 15:30:28.103  INFO 28868 --- [    Test worker] o.s.t.web.servlet.TestDispatcherServlet  : Completed initialization in 0 ms
2021-10-28 15:30:28.116  INFO 28868 --- [    Test worker] o.e.webTest.web.HelloControllerTest      : Started HelloControllerTest in 0.837 seconds (JVM running for 7.325)
]]></system-out>
  <system-err><![CDATA[]]></system-err>
</testsuite>
