<?xml version="1.0" encoding="UTF-8"?>
<testsuite name="org.example.webTest.web.dto.HelloResponseDtoTest" tests="1" skipped="0" failures="0" errors="0" timestamp="2021-11-12T03:27:58" hostname="suhyun-webservice" time="0.007">
  <properties/>
  <testcase name="lombok_test()" classname="org.example.webTest.web.dto.HelloResponseDtoTest" time="0.007"/>
  <system-out><![CDATA[]]></system-out>
  <system-err><![CDATA[]]></system-err>
</testsuite>
