<?xml version="1.0" encoding="UTF-8"?>
<testsuite name="org.example.webTest.web.PostsApiControllerTest" tests="2" skipped="0" failures="0" errors="0" timestamp="2021-11-11T06:21:44" hostname="LAPTOP-A4QEFCE3" time="0.133">
  <properties/>
  <testcase name="Posts_update()" classname="org.example.webTest.web.PostsApiControllerTest" time="0.109"/>
  <testcase name="Posts_save()" classname="org.example.webTest.web.PostsApiControllerTest" time="0.022"/>
  <system-out><![CDATA[2021-11-11 15:21:44.496  INFO 32096 --- [    Test worker] .b.t.c.SpringBootTestContextBootstrapper : Neither @ContextConfiguration nor @ContextHierarchy found for test class [org.example.webTest.web.PostsApiControllerTest], using SpringBootContextLoader
2021-11-11 15:21:44.496  INFO 32096 --- [    Test worker] o.s.t.c.support.AbstractContextLoader    : Could not detect default resource locations for test class [org.example.webTest.web.PostsApiControllerTest]: no resource found for suffixes {-context.xml, Context.groovy}.
2021-11-11 15:21:44.496  INFO 32096 --- [    Test worker] t.c.s.AnnotationConfigContextLoaderUtils : Could not detect default configuration classes for test class [org.example.webTest.web.PostsApiControllerTest]: PostsApiControllerTest does not declare any static, non-private, non-final, nested classes annotated with @Configuration.
2021-11-11 15:21:44.496  INFO 32096 --- [    Test worker] .b.t.c.SpringBootTestContextBootstrapper : Found @SpringBootConfiguration org.example.webTest.Application for test class org.example.webTest.web.PostsApiControllerTest
2021-11-11 15:21:44.496  INFO 32096 --- [    Test worker] .b.t.c.SpringBootTestContextBootstrapper : Loaded default TestExecutionListener class names from location [META-INF/spring.factories]: [org.springframework.security.test.context.support.WithSecurityContextTestExecutionListener, org.springframework.security.test.context.support.ReactorContextTestExecutionListener, org.springframework.boot.test.autoconfigure.restdocs.RestDocsTestExecutionListener, org.springframework.boot.test.autoconfigure.web.client.MockRestServiceServerResetTestExecutionListener, org.springframework.boot.test.autoconfigure.web.servlet.MockMvcPrintOnlyOnFailureTestExecutionListener, org.springframework.boot.test.autoconfigure.web.servlet.WebDriverTestExecutionListener, org.springframework.boot.test.autoconfigure.webservices.client.MockWebServiceServerTestExecutionListener, org.springframework.boot.test.mock.mockito.MockitoTestExecutionListener, org.springframework.boot.test.mock.mockito.ResetMocksTestExecutionListener, org.springframework.test.context.web.ServletTestExecutionListener, org.springframework.test.context.support.DirtiesContextBeforeModesTestExecutionListener, org.springframework.test.context.support.DependencyInjectionTestExecutionListener, org.springframework.test.context.support.DirtiesContextTestExecutionListener, org.springframework.test.context.transaction.TransactionalTestExecutionListener, org.springframework.test.context.jdbc.SqlScriptsTestExecutionListener, org.springframework.test.context.event.EventPublishingTestExecutionListener]
2021-11-11 15:21:44.496  INFO 32096 --- [    Test worker] .b.t.c.SpringBootTestContextBootstrapper : Using TestExecutionListeners: [org.springframework.test.context.web.ServletTestExecutionListener@4fd26733, org.springframework.test.context.support.DirtiesContextBeforeModesTestExecutionListener@60a9a248, org.springframework.boot.test.mock.mockito.MockitoTestExecutionListener@b3ab503, org.springframework.boot.test.autoconfigure.SpringBootDependencyInjectionTestExecutionListener@1a75b101, org.springframework.test.context.support.DirtiesContextTestExecutionListener@46c2a683, org.springframework.test.context.transaction.TransactionalTestExecutionListener@6b54f7f1, org.springframework.test.context.jdbc.SqlScriptsTestExecutionListener@3598c535, org.springframework.security.test.context.support.WithSecurityContextTestExecutionListener@2d2873e, org.springframework.test.context.event.EventPublishingTestExecutionListener@5177df59, org.springframework.security.test.context.support.ReactorContextTestExecutionListener@1d5051f9, org.springframework.boot.test.autoconfigure.restdocs.RestDocsTestExecutionListener@6e128e0b, org.springframework.boot.test.autoconfigure.web.client.MockRestServiceServerResetTestExecutionListener@78ef0f80, org.springframework.boot.test.autoconfigure.web.servlet.MockMvcPrintOnlyOnFailureTestExecutionListener@170d8ad3, org.springframework.boot.test.autoconfigure.web.servlet.WebDriverTestExecutionListener@84dde52, org.springframework.boot.test.autoconfigure.webservices.client.MockWebServiceServerTestExecutionListener@72556b86, org.springframework.boot.test.mock.mockito.ResetMocksTestExecutionListener@7246f943]
2021-11-11 15:21:44.506  INFO 32096 --- [    Test worker] o.a.c.c.C.[Tomcat].[localhost].[/]       : Initializing Spring TestDispatcherServlet ''
2021-11-11 15:21:44.506  INFO 32096 --- [    Test worker] o.s.t.web.servlet.TestDispatcherServlet  : Initializing Servlet ''
2021-11-11 15:21:44.506  INFO 32096 --- [    Test worker] o.s.t.web.servlet.TestDispatcherServlet  : Completed initialization in 0 ms
Hibernate: insert into posts (created_date, modified_date, author, content, title) values (?, ?, ?, ?, ?)
Hibernate: select posts0_.id as id1_0_0_, posts0_.created_date as created_2_0_0_, posts0_.modified_date as modified3_0_0_, posts0_.author as author4_0_0_, posts0_.content as content5_0_0_, posts0_.title as title6_0_0_ from posts posts0_ where posts0_.id=?
Hibernate: update posts set created_date=?, modified_date=?, author=?, content=?, title=? where id=?
Hibernate: select posts0_.id as id1_0_, posts0_.created_date as created_2_0_, posts0_.modified_date as modified3_0_, posts0_.author as author4_0_, posts0_.content as content5_0_, posts0_.title as title6_0_ from posts posts0_
Hibernate: select posts0_.id as id1_0_, posts0_.created_date as created_2_0_, posts0_.modified_date as modified3_0_, posts0_.author as author4_0_, posts0_.content as content5_0_, posts0_.title as title6_0_ from posts posts0_
Hibernate: delete from posts where id=?
2021-11-11 15:21:44.618  INFO 32096 --- [    Test worker] o.a.c.c.C.[Tomcat].[localhost].[/]       : Initializing Spring TestDispatcherServlet ''
2021-11-11 15:21:44.618  INFO 32096 --- [    Test worker] o.s.t.web.servlet.TestDispatcherServlet  : Initializing Servlet ''
2021-11-11 15:21:44.618  INFO 32096 --- [    Test worker] o.s.t.web.servlet.TestDispatcherServlet  : Completed initialization in 0 ms
Hibernate: insert into posts (created_date, modified_date, author, content, title) values (?, ?, ?, ?, ?)
Hibernate: select posts0_.id as id1_0_, posts0_.created_date as created_2_0_, posts0_.modified_date as modified3_0_, posts0_.author as author4_0_, posts0_.content as content5_0_, posts0_.title as title6_0_ from posts posts0_
Hibernate: select posts0_.id as id1_0_, posts0_.created_date as created_2_0_, posts0_.modified_date as modified3_0_, posts0_.author as author4_0_, posts0_.content as content5_0_, posts0_.title as title6_0_ from posts posts0_
Hibernate: delete from posts where id=?
]]></system-out>
  <system-err><![CDATA[]]></system-err>
</testsuite>
