<?xml version="1.0" encoding="UTF-8"?>
<testsuite name="org.example.webTest.web.HelloControllerTest" tests="2" skipped="0" failures="0" errors="0" timestamp="2021-11-11T06:21:41" hostname="LAPTOP-A4QEFCE3" time="0.201">
  <properties/>
  <testcase name="helloDto_return()" classname="org.example.webTest.web.HelloControllerTest" time="0.188"/>
  <testcase name="hello_return()" classname="org.example.webTest.web.HelloControllerTest" time="0.012"/>
  <system-out><![CDATA[2021-11-11 15:21:40.739  INFO 32096 --- [    Test worker] .b.t.a.w.s.WebMvcTestContextBootstrapper : Neither @ContextConfiguration nor @ContextHierarchy found for test class [org.example.webTest.web.HelloControllerTest], using SpringBootContextLoader
2021-11-11 15:21:40.739  INFO 32096 --- [    Test worker] o.s.t.c.support.AbstractContextLoader    : Could not detect default resource locations for test class [org.example.webTest.web.HelloControllerTest]: no resource found for suffixes {-context.xml, Context.groovy}.
2021-11-11 15:21:40.739  INFO 32096 --- [    Test worker] t.c.s.AnnotationConfigContextLoaderUtils : Could not detect default configuration classes for test class [org.example.webTest.web.HelloControllerTest]: HelloControllerTest does not declare any static, non-private, non-final, nested classes annotated with @Configuration.
2021-11-11 15:21:40.771  INFO 32096 --- [    Test worker] .b.t.c.SpringBootTestContextBootstrapper : Found @SpringBootConfiguration org.example.webTest.Application for test class org.example.webTest.web.HelloControllerTest
2021-11-11 15:21:40.773  INFO 32096 --- [    Test worker] .b.t.a.w.s.WebMvcTestContextBootstrapper : Loaded default TestExecutionListener class names from location [META-INF/spring.factories]: [org.springframework.security.test.context.support.WithSecurityContextTestExecutionListener, org.springframework.security.test.context.support.ReactorContextTestExecutionListener, org.springframework.boot.test.autoconfigure.restdocs.RestDocsTestExecutionListener, org.springframework.boot.test.autoconfigure.web.client.MockRestServiceServerResetTestExecutionListener, org.springframework.boot.test.autoconfigure.web.servlet.MockMvcPrintOnlyOnFailureTestExecutionListener, org.springframework.boot.test.autoconfigure.web.servlet.WebDriverTestExecutionListener, org.springframework.boot.test.autoconfigure.webservices.client.MockWebServiceServerTestExecutionListener, org.springframework.boot.test.mock.mockito.MockitoTestExecutionListener, org.springframework.boot.test.mock.mockito.ResetMocksTestExecutionListener, org.springframework.test.context.web.ServletTestExecutionListener, org.springframework.test.context.support.DirtiesContextBeforeModesTestExecutionListener, org.springframework.test.context.support.DependencyInjectionTestExecutionListener, org.springframework.test.context.support.DirtiesContextTestExecutionListener, org.springframework.test.context.transaction.TransactionalTestExecutionListener, org.springframework.test.context.jdbc.SqlScriptsTestExecutionListener, org.springframework.test.context.event.EventPublishingTestExecutionListener]
2021-11-11 15:21:40.773  INFO 32096 --- [    Test worker] .b.t.a.w.s.WebMvcTestContextBootstrapper : Using TestExecutionListeners: [org.springframework.test.context.web.ServletTestExecutionListener@1fd79bbe, org.springframework.test.context.support.DirtiesContextBeforeModesTestExecutionListener@ceec976, org.springframework.boot.test.mock.mockito.MockitoTestExecutionListener@2939cf44, org.springframework.boot.test.autoconfigure.SpringBootDependencyInjectionTestExecutionListener@40f4217c, org.springframework.test.context.support.DirtiesContextTestExecutionListener@635d48b7, org.springframework.test.context.transaction.TransactionalTestExecutionListener@190288d3, org.springframework.test.context.jdbc.SqlScriptsTestExecutionListener@7e262758, org.springframework.security.test.context.support.WithSecurityContextTestExecutionListener@1f381621, org.springframework.test.context.event.EventPublishingTestExecutionListener@1629ed81, org.springframework.security.test.context.support.ReactorContextTestExecutionListener@1b60ab87, org.springframework.boot.test.autoconfigure.restdocs.RestDocsTestExecutionListener@54334354, org.springframework.boot.test.autoconfigure.web.client.MockRestServiceServerResetTestExecutionListener@be5ceed, org.springframework.boot.test.autoconfigure.web.servlet.MockMvcPrintOnlyOnFailureTestExecutionListener@52797ff5, org.springframework.boot.test.autoconfigure.web.servlet.WebDriverTestExecutionListener@4cdbdaae, org.springframework.boot.test.autoconfigure.webservices.client.MockWebServiceServerTestExecutionListener@2bc0982, org.springframework.boot.test.mock.mockito.ResetMocksTestExecutionListener@278b2d9e]

  .   ____          _            __ _ _
 /\\ / ___'_ __ _ _(_)_ __  __ _ \ \ \ \
( ( )\___ | '_ | '_| | '_ \/ _` | \ \ \ \
 \\/  ___)| |_)| | | | | || (_| |  ) ) ) )
  '  |____| .__|_| |_|_| |_\__, | / / / /
 =========|_|==============|___/=/_/_/_/
 :: Spring Boot ::                (v2.4.1)

2021-11-11 15:21:40.805  INFO 32096 --- [    Test worker] o.e.webTest.web.HelloControllerTest      : Starting HelloControllerTest using Java 1.8.0_301 on LAPTOP-A4QEFCE3 with PID 32096 (started by suhyun in C:\Users\suhyun\OneDrive\바탕 화면\suhyun files\SHIM's anatomy)
2021-11-11 15:21:40.805  INFO 32096 --- [    Test worker] o.e.webTest.web.HelloControllerTest      : No active profile set, falling back to default profiles: default
2021-11-11 15:21:41.208  INFO 32096 --- [    Test worker] o.s.s.concurrent.ThreadPoolTaskExecutor  : Initializing ExecutorService 'applicationTaskExecutor'
2021-11-11 15:21:41.245  INFO 32096 --- [    Test worker] o.s.b.a.w.s.WelcomePageHandlerMapping    : Adding welcome page template: index
2021-11-11 15:21:41.570  INFO 32096 --- [    Test worker] o.s.s.web.DefaultSecurityFilterChain     : Will secure any request with [org.springframework.security.web.context.request.async.WebAsyncManagerIntegrationFilter@16da7996, org.springframework.security.web.context.SecurityContextPersistenceFilter@6bd32f9e, org.springframework.security.web.header.HeaderWriterFilter@56ca5b62, org.springframework.security.web.csrf.CsrfFilter@4aa13fc1, org.springframework.security.web.authentication.logout.LogoutFilter@68375f99, org.springframework.security.oauth2.client.web.OAuth2AuthorizationRequestRedirectFilter@1a2d3c37, org.springframework.security.oauth2.client.web.OAuth2AuthorizationRequestRedirectFilter@6a94e61b, org.springframework.security.oauth2.client.web.OAuth2LoginAuthenticationFilter@a1d70f, org.springframework.security.web.authentication.ui.DefaultLoginPageGeneratingFilter@6b2a6706, org.springframework.security.web.authentication.ui.DefaultLogoutPageGeneratingFilter@61a29adc, org.springframework.security.web.savedrequest.RequestCacheAwareFilter@3a473b32, org.springframework.security.web.servletapi.SecurityContextHolderAwareRequestFilter@3e527653, org.springframework.security.web.authentication.AnonymousAuthenticationFilter@630fbc7a, org.springframework.security.oauth2.client.web.OAuth2AuthorizationCodeGrantFilter@1fc3bd97, org.springframework.security.web.session.SessionManagementFilter@15d6394d, org.springframework.security.web.access.ExceptionTranslationFilter@79251c1a, org.springframework.security.web.access.intercept.FilterSecurityInterceptor@6791e59f]
2021-11-11 15:21:41.685  INFO 32096 --- [    Test worker] o.s.b.t.m.w.SpringBootMockServletContext : Initializing Spring TestDispatcherServlet ''
2021-11-11 15:21:41.685  INFO 32096 --- [    Test worker] o.s.t.web.servlet.TestDispatcherServlet  : Initializing Servlet ''
2021-11-11 15:21:41.685  INFO 32096 --- [    Test worker] o.s.t.web.servlet.TestDispatcherServlet  : Completed initialization in 0 ms
2021-11-11 15:21:41.705  INFO 32096 --- [    Test worker] o.e.webTest.web.HelloControllerTest      : Started HelloControllerTest in 0.931 seconds (JVM running for 9.109)
]]></system-out>
  <system-err><![CDATA[]]></system-err>
</testsuite>
