<?xml version="1.0" encoding="UTF-8"?>
<testsuite name="org.example.webTest.web.IndexControllerTest" tests="1" skipped="0" failures="0" errors="0" timestamp="2021-11-11T06:21:44" hostname="LAPTOP-A4QEFCE3" time="0.253">
  <properties/>
  <testcase name="mainpage_loading()" classname="org.example.webTest.web.IndexControllerTest" time="0.253"/>
  <system-out><![CDATA[2021-11-11 15:21:41.918  INFO 32096 --- [    Test worker] .b.t.c.SpringBootTestContextBootstrapper : Neither @ContextConfiguration nor @ContextHierarchy found for test class [org.example.webTest.web.IndexControllerTest], using SpringBootContextLoader
2021-11-11 15:21:41.918  INFO 32096 --- [    Test worker] o.s.t.c.support.AbstractContextLoader    : Could not detect default resource locations for test class [org.example.webTest.web.IndexControllerTest]: no resource found for suffixes {-context.xml, Context.groovy}.
2021-11-11 15:21:41.918  INFO 32096 --- [    Test worker] t.c.s.AnnotationConfigContextLoaderUtils : Could not detect default configuration classes for test class [org.example.webTest.web.IndexControllerTest]: IndexControllerTest does not declare any static, non-private, non-final, nested classes annotated with @Configuration.
2021-11-11 15:21:41.918  INFO 32096 --- [    Test worker] .b.t.c.SpringBootTestContextBootstrapper : Found @SpringBootConfiguration org.example.webTest.Application for test class org.example.webTest.web.IndexControllerTest
2021-11-11 15:21:41.925  INFO 32096 --- [    Test worker] .b.t.c.SpringBootTestContextBootstrapper : Loaded default TestExecutionListener class names from location [META-INF/spring.factories]: [org.springframework.security.test.context.support.WithSecurityContextTestExecutionListener, org.springframework.security.test.context.support.ReactorContextTestExecutionListener, org.springframework.boot.test.autoconfigure.restdocs.RestDocsTestExecutionListener, org.springframework.boot.test.autoconfigure.web.client.MockRestServiceServerResetTestExecutionListener, org.springframework.boot.test.autoconfigure.web.servlet.MockMvcPrintOnlyOnFailureTestExecutionListener, org.springframework.boot.test.autoconfigure.web.servlet.WebDriverTestExecutionListener, org.springframework.boot.test.autoconfigure.webservices.client.MockWebServiceServerTestExecutionListener, org.springframework.boot.test.mock.mockito.MockitoTestExecutionListener, org.springframework.boot.test.mock.mockito.ResetMocksTestExecutionListener, org.springframework.test.context.web.ServletTestExecutionListener, org.springframework.test.context.support.DirtiesContextBeforeModesTestExecutionListener, org.springframework.test.context.support.DependencyInjectionTestExecutionListener, org.springframework.test.context.support.DirtiesContextTestExecutionListener, org.springframework.test.context.transaction.TransactionalTestExecutionListener, org.springframework.test.context.jdbc.SqlScriptsTestExecutionListener, org.springframework.test.context.event.EventPublishingTestExecutionListener]
2021-11-11 15:21:41.927  INFO 32096 --- [    Test worker] .b.t.c.SpringBootTestContextBootstrapper : Using TestExecutionListeners: [org.springframework.test.context.web.ServletTestExecutionListener@4f10748b, org.springframework.test.context.support.DirtiesContextBeforeModesTestExecutionListener@a6e6b02, org.springframework.boot.test.mock.mockito.MockitoTestExecutionListener@7024299d, org.springframework.boot.test.autoconfigure.SpringBootDependencyInjectionTestExecutionListener@56ba77f6, org.springframework.test.context.support.DirtiesContextTestExecutionListener@1a42f586, org.springframework.test.context.transaction.TransactionalTestExecutionListener@638dabb7, org.springframework.test.context.jdbc.SqlScriptsTestExecutionListener@32340e9a, org.springframework.security.test.context.support.WithSecurityContextTestExecutionListener@3734daed, org.springframework.test.context.event.EventPublishingTestExecutionListener@3a57e748, org.springframework.security.test.context.support.ReactorContextTestExecutionListener@348923a6, org.springframework.boot.test.autoconfigure.restdocs.RestDocsTestExecutionListener@26dbbb73, org.springframework.boot.test.autoconfigure.web.client.MockRestServiceServerResetTestExecutionListener@3729eef7, org.springframework.boot.test.autoconfigure.web.servlet.MockMvcPrintOnlyOnFailureTestExecutionListener@32c122fd, org.springframework.boot.test.autoconfigure.web.servlet.WebDriverTestExecutionListener@4f28b310, org.springframework.boot.test.autoconfigure.webservices.client.MockWebServiceServerTestExecutionListener@34d389a5, org.springframework.boot.test.mock.mockito.ResetMocksTestExecutionListener@4cf5879e]

  .   ____          _            __ _ _
 /\\ / ___'_ __ _ _(_)_ __  __ _ \ \ \ \
( ( )\___ | '_ | '_| | '_ \/ _` | \ \ \ \
 \\/  ___)| |_)| | | | | || (_| |  ) ) ) )
  '  |____| .__|_| |_|_| |_\__, | / / / /
 =========|_|==============|___/=/_/_/_/
 :: Spring Boot ::                (v2.4.1)

2021-11-11 15:21:41.966  INFO 32096 --- [    Test worker] o.e.webTest.web.IndexControllerTest      : Starting IndexControllerTest using Java 1.8.0_301 on LAPTOP-A4QEFCE3 with PID 32096 (started by suhyun in C:\Users\suhyun\OneDrive\바탕 화면\suhyun files\SHIM's anatomy)
2021-11-11 15:21:41.968  INFO 32096 --- [    Test worker] o.e.webTest.web.IndexControllerTest      : No active profile set, falling back to default profiles: default
2021-11-11 15:21:42.209  INFO 32096 --- [    Test worker] .s.d.r.c.RepositoryConfigurationDelegate : Bootstrapping Spring Data JPA repositories in DEFAULT mode.
2021-11-11 15:21:42.232  INFO 32096 --- [    Test worker] .s.d.r.c.RepositoryConfigurationDelegate : Finished Spring Data repository scanning in 28 ms. Found 2 JPA repository interfaces.
2021-11-11 15:21:42.653  INFO 32096 --- [    Test worker] o.s.b.w.embedded.tomcat.TomcatWebServer  : Tomcat initialized with port(s): 0 (http)
2021-11-11 15:21:42.673  INFO 32096 --- [    Test worker] o.apache.catalina.core.StandardService   : Starting service [Tomcat]
2021-11-11 15:21:42.674  INFO 32096 --- [    Test worker] org.apache.catalina.core.StandardEngine  : Starting Servlet engine: [Apache Tomcat/9.0.41]
2021-11-11 15:21:42.838  INFO 32096 --- [    Test worker] o.a.c.c.C.[Tomcat].[localhost].[/]       : Initializing Spring embedded WebApplicationContext
2021-11-11 15:21:42.838  INFO 32096 --- [    Test worker] w.s.c.ServletWebServerApplicationContext : Root WebApplicationContext: initialization completed in 870 ms
2021-11-11 15:21:43.012  INFO 32096 --- [    Test worker] com.zaxxer.hikari.HikariDataSource       : HikariPool-2 - Starting...
2021-11-11 15:21:43.012  INFO 32096 --- [    Test worker] com.zaxxer.hikari.HikariDataSource       : HikariPool-2 - Start completed.
2021-11-11 15:21:43.061  INFO 32096 --- [    Test worker] o.hibernate.jpa.internal.util.LogHelper  : HHH000204: Processing PersistenceUnitInfo [name: default]
2021-11-11 15:21:43.071  INFO 32096 --- [    Test worker] org.hibernate.dialect.Dialect            : HHH000400: Using dialect: org.hibernate.dialect.MySQL57Dialect
Hibernate: drop table if exists posts
Hibernate: drop table if exists user
Hibernate: create table posts (id bigint not null auto_increment, created_date datetime(6), modified_date datetime(6), author varchar(255), content TEXT not null, title varchar(500) not null, primary key (id)) engine=InnoDB
Hibernate: create table user (id bigint not null auto_increment, created_date datetime(6), modified_date datetime(6), email varchar(255) not null, name varchar(255) not null, picture varchar(255), role varchar(255) not null, primary key (id)) engine=InnoDB
2021-11-11 15:21:43.145  INFO 32096 --- [    Test worker] o.h.e.t.j.p.i.JtaPlatformInitiator       : HHH000490: Using JtaPlatform implementation: [org.hibernate.engine.transaction.jta.platform.internal.NoJtaPlatform]
2021-11-11 15:21:43.145  INFO 32096 --- [    Test worker] j.LocalContainerEntityManagerFactoryBean : Initialized JPA EntityManagerFactory for persistence unit 'default'
2021-11-11 15:21:43.479  WARN 32096 --- [    Test worker] JpaBaseConfiguration$JpaWebConfiguration : spring.jpa.open-in-view is enabled by default. Therefore, database queries may be performed during view rendering. Explicitly configure spring.jpa.open-in-view to disable this warning
2021-11-11 15:21:43.704  INFO 32096 --- [    Test worker] o.s.s.web.DefaultSecurityFilterChain     : Will secure any request with [org.springframework.security.web.context.request.async.WebAsyncManagerIntegrationFilter@6a96355e, org.springframework.security.web.context.SecurityContextPersistenceFilter@5da2eae2, org.springframework.security.web.header.HeaderWriterFilter@13d90047, org.springframework.security.web.authentication.logout.LogoutFilter@46f79976, org.springframework.security.oauth2.client.web.OAuth2AuthorizationRequestRedirectFilter@3905b793, org.springframework.security.oauth2.client.web.OAuth2LoginAuthenticationFilter@527349bd, org.springframework.security.web.authentication.ui.DefaultLoginPageGeneratingFilter@7bdd062a, org.springframework.security.web.authentication.ui.DefaultLogoutPageGeneratingFilter@2cd14e07, org.springframework.security.web.savedrequest.RequestCacheAwareFilter@1a3dabe8, org.springframework.security.web.servletapi.SecurityContextHolderAwareRequestFilter@41bd5bd0, org.springframework.security.web.authentication.AnonymousAuthenticationFilter@38fccd21, org.springframework.security.web.session.SessionManagementFilter@3aa00f52, org.springframework.security.web.access.ExceptionTranslationFilter@cc9623c, org.springframework.security.web.access.intercept.FilterSecurityInterceptor@363e17fc]
2021-11-11 15:21:43.879  INFO 32096 --- [    Test worker] o.s.s.concurrent.ThreadPoolTaskExecutor  : Initializing ExecutorService 'applicationTaskExecutor'
2021-11-11 15:21:43.911  INFO 32096 --- [    Test worker] o.s.b.a.w.s.WelcomePageHandlerMapping    : Adding welcome page template: index
2021-11-11 15:21:44.221  INFO 32096 --- [    Test worker] o.s.b.w.embedded.tomcat.TomcatWebServer  : Tomcat started on port(s): 61294 (http) with context path ''
2021-11-11 15:21:44.232  INFO 32096 --- [    Test worker] s.a.ScheduledAnnotationBeanPostProcessor : No TaskScheduler/ScheduledExecutorService bean found for scheduled processing
2021-11-11 15:21:44.232  INFO 32096 --- [    Test worker] o.e.webTest.web.IndexControllerTest      : Started IndexControllerTest in 2.303 seconds (JVM running for 11.634)
2021-11-11 15:21:44.377  INFO 32096 --- [o-auto-1-exec-1] o.a.c.c.C.[Tomcat].[localhost].[/]       : Initializing Spring DispatcherServlet 'dispatcherServlet'
2021-11-11 15:21:44.377  INFO 32096 --- [o-auto-1-exec-1] o.s.web.servlet.DispatcherServlet        : Initializing Servlet 'dispatcherServlet'
2021-11-11 15:21:44.378  INFO 32096 --- [o-auto-1-exec-1] o.s.web.servlet.DispatcherServlet        : Completed initialization in 1 ms
Hibernate: select posts0_.id as id1_0_, posts0_.created_date as created_2_0_, posts0_.modified_date as modified3_0_, posts0_.author as author4_0_, posts0_.content as content5_0_, posts0_.title as title6_0_ from posts posts0_ order by posts0_.id DESC
]]></system-out>
  <system-err><![CDATA[]]></system-err>
</testsuite>
