<?xml version="1.0" encoding="UTF-8"?>
<testsuite name="org.example.webTest.web.HelloControllerTest" tests="2" skipped="0" failures="0" errors="0" timestamp="2021-09-20T08:22:09" hostname="LAPTOP-A4QEFCE3" time="0.065">
  <properties/>
  <testcase name="helloDto_return()" classname="org.example.webTest.web.HelloControllerTest" time="0.054"/>
  <testcase name="hello_return()" classname="org.example.webTest.web.HelloControllerTest" time="0.01"/>
  <system-out><![CDATA[2021-09-20 17:22:08.816  INFO 15928 --- [    Test worker] .b.t.a.w.s.WebMvcTestContextBootstrapper : Neither @ContextConfiguration nor @ContextHierarchy found for test class [org.example.webTest.web.HelloControllerTest], using SpringBootContextLoader
2021-09-20 17:22:08.817  INFO 15928 --- [    Test worker] o.s.t.c.support.AbstractContextLoader    : Could not detect default resource locations for test class [org.example.webTest.web.HelloControllerTest]: no resource found for suffixes {-context.xml, Context.groovy}.
2021-09-20 17:22:08.818  INFO 15928 --- [    Test worker] t.c.s.AnnotationConfigContextLoaderUtils : Could not detect default configuration classes for test class [org.example.webTest.web.HelloControllerTest]: HelloControllerTest does not declare any static, non-private, non-final, nested classes annotated with @Configuration.
2021-09-20 17:22:08.837  INFO 15928 --- [    Test worker] .b.t.c.SpringBootTestContextBootstrapper : Found @SpringBootConfiguration org.example.webTest.Application for test class org.example.webTest.web.HelloControllerTest
2021-09-20 17:22:08.838  INFO 15928 --- [    Test worker] .b.t.a.w.s.WebMvcTestContextBootstrapper : Loaded default TestExecutionListener class names from location [META-INF/spring.factories]: [org.springframework.security.test.context.support.WithSecurityContextTestExecutionListener, org.springframework.security.test.context.support.ReactorContextTestExecutionListener, org.springframework.boot.test.autoconfigure.restdocs.RestDocsTestExecutionListener, org.springframework.boot.test.autoconfigure.web.client.MockRestServiceServerResetTestExecutionListener, org.springframework.boot.test.autoconfigure.web.servlet.MockMvcPrintOnlyOnFailureTestExecutionListener, org.springframework.boot.test.autoconfigure.web.servlet.WebDriverTestExecutionListener, org.springframework.boot.test.autoconfigure.webservices.client.MockWebServiceServerTestExecutionListener, org.springframework.boot.test.mock.mockito.MockitoTestExecutionListener, org.springframework.boot.test.mock.mockito.ResetMocksTestExecutionListener, org.springframework.test.context.web.ServletTestExecutionListener, org.springframework.test.context.support.DirtiesContextBeforeModesTestExecutionListener, org.springframework.test.context.support.DependencyInjectionTestExecutionListener, org.springframework.test.context.support.DirtiesContextTestExecutionListener, org.springframework.test.context.transaction.TransactionalTestExecutionListener, org.springframework.test.context.jdbc.SqlScriptsTestExecutionListener, org.springframework.test.context.event.EventPublishingTestExecutionListener]
2021-09-20 17:22:08.848  INFO 15928 --- [    Test worker] .b.t.a.w.s.WebMvcTestContextBootstrapper : Using TestExecutionListeners: [org.springframework.test.context.web.ServletTestExecutionListener@217be415, org.springframework.test.context.support.DirtiesContextBeforeModesTestExecutionListener@77e7bf1a, org.springframework.boot.test.mock.mockito.MockitoTestExecutionListener@58e2f979, org.springframework.boot.test.autoconfigure.SpringBootDependencyInjectionTestExecutionListener@c25303e, org.springframework.test.context.support.DirtiesContextTestExecutionListener@720026e3, org.springframework.test.context.transaction.TransactionalTestExecutionListener@385558d6, org.springframework.test.context.jdbc.SqlScriptsTestExecutionListener@77334794, org.springframework.security.test.context.support.WithSecurityContextTestExecutionListener@52b22d8c, org.springframework.test.context.event.EventPublishingTestExecutionListener@21f62e07, org.springframework.security.test.context.support.ReactorContextTestExecutionListener@33f75107, org.springframework.boot.test.autoconfigure.restdocs.RestDocsTestExecutionListener@5e15af0a, org.springframework.boot.test.autoconfigure.web.client.MockRestServiceServerResetTestExecutionListener@1d083709, org.springframework.boot.test.autoconfigure.web.servlet.MockMvcPrintOnlyOnFailureTestExecutionListener@d1eb4b9, org.springframework.boot.test.autoconfigure.web.servlet.WebDriverTestExecutionListener@468a374, org.springframework.boot.test.autoconfigure.webservices.client.MockWebServiceServerTestExecutionListener@77f6310c, org.springframework.boot.test.mock.mockito.ResetMocksTestExecutionListener@2b9ae084]

  .   ____          _            __ _ _
 /\\ / ___'_ __ _ _(_)_ __  __ _ \ \ \ \
( ( )\___ | '_ | '_| | '_ \/ _` | \ \ \ \
 \\/  ___)| |_)| | | | | || (_| |  ) ) ) )
  '  |____| .__|_| |_|_| |_\__, | / / / /
 =========|_|==============|___/=/_/_/_/
 :: Spring Boot ::                (v2.4.1)

2021-09-20 17:22:08.876  INFO 15928 --- [    Test worker] o.e.webTest.web.HelloControllerTest      : Starting HelloControllerTest using Java 1.8.0_301 on LAPTOP-A4QEFCE3 with PID 15928 (started by suhyun in C:\Users\suhyun\IdeaProjects\SHIM-s-Anatomy)
2021-09-20 17:22:08.877  INFO 15928 --- [    Test worker] o.e.webTest.web.HelloControllerTest      : No active profile set, falling back to default profiles: default
2021-09-20 17:22:09.211  INFO 15928 --- [    Test worker] o.s.s.concurrent.ThreadPoolTaskExecutor  : Initializing ExecutorService 'applicationTaskExecutor'
2021-09-20 17:22:09.240  INFO 15928 --- [    Test worker] o.s.b.a.w.s.WelcomePageHandlerMapping    : Adding welcome page template: index
2021-09-20 17:22:09.559  INFO 15928 --- [    Test worker] o.s.s.web.DefaultSecurityFilterChain     : Will secure any request with [org.springframework.security.web.context.request.async.WebAsyncManagerIntegrationFilter@63cd67b7, org.springframework.security.web.context.SecurityContextPersistenceFilter@66cfbb2d, org.springframework.security.web.header.HeaderWriterFilter@da4c78d, org.springframework.security.web.csrf.CsrfFilter@2b5f439e, org.springframework.security.web.authentication.logout.LogoutFilter@10a5daf1, org.springframework.security.oauth2.client.web.OAuth2AuthorizationRequestRedirectFilter@4f65234a, org.springframework.security.oauth2.client.web.OAuth2AuthorizationRequestRedirectFilter@101afbda, org.springframework.security.oauth2.client.web.OAuth2LoginAuthenticationFilter@2414cb0b, org.springframework.security.web.authentication.ui.DefaultLoginPageGeneratingFilter@5c7c9105, org.springframework.security.web.authentication.ui.DefaultLogoutPageGeneratingFilter@734445ff, org.springframework.security.web.savedrequest.RequestCacheAwareFilter@4d702cac, org.springframework.security.web.servletapi.SecurityContextHolderAwareRequestFilter@66431220, org.springframework.security.web.authentication.AnonymousAuthenticationFilter@1793f316, org.springframework.security.oauth2.client.web.OAuth2AuthorizationCodeGrantFilter@1aefcb9a, org.springframework.security.web.session.SessionManagementFilter@5cb62614, org.springframework.security.web.access.ExceptionTranslationFilter@5e2eb757, org.springframework.security.web.access.intercept.FilterSecurityInterceptor@6fc03190]
2021-09-20 17:22:09.633  INFO 15928 --- [    Test worker] o.s.b.t.m.w.SpringBootMockServletContext : Initializing Spring TestDispatcherServlet ''
2021-09-20 17:22:09.633  INFO 15928 --- [    Test worker] o.s.t.web.servlet.TestDispatcherServlet  : Initializing Servlet ''
2021-09-20 17:22:09.633  INFO 15928 --- [    Test worker] o.s.t.web.servlet.TestDispatcherServlet  : Completed initialization in 0 ms
2021-09-20 17:22:09.648  INFO 15928 --- [    Test worker] o.e.webTest.web.HelloControllerTest      : Started HelloControllerTest in 0.796 seconds (JVM running for 10.018)
]]></system-out>
  <system-err><![CDATA[]]></system-err>
</testsuite>
