<?xml version="1.0" encoding="UTF-8"?>
<testsuite name="org.example.webTest.domain.posts.PostsRepositoryTest" tests="2" skipped="0" failures="0" errors="0" timestamp="2021-10-11T04:27:34" hostname="LAPTOP-A4QEFCE3" time="0.317">
  <properties/>
  <testcase name="articlelist_loading()" classname="org.example.webTest.domain.posts.PostsRepositoryTest" time="0.3"/>
  <testcase name="BaseTimeEntity_save()" classname="org.example.webTest.domain.posts.PostsRepositoryTest" time="0.016"/>
  <system-out><![CDATA[13:27:28.599 [Test worker] DEBUG org.springframework.test.context.BootstrapUtils - Instantiating CacheAwareContextLoaderDelegate from class [org.springframework.test.context.cache.DefaultCacheAwareContextLoaderDelegate]
13:27:28.614 [Test worker] DEBUG org.springframework.test.context.BootstrapUtils - Instantiating BootstrapContext using constructor [public org.springframework.test.context.support.DefaultBootstrapContext(java.lang.Class,org.springframework.test.context.CacheAwareContextLoaderDelegate)]
13:27:28.643 [Test worker] DEBUG org.springframework.test.context.BootstrapUtils - Instantiating TestContextBootstrapper for test class [org.example.webTest.domain.posts.PostsRepositoryTest] from class [org.springframework.boot.test.context.SpringBootTestContextBootstrapper]
13:27:28.659 [Test worker] INFO org.springframework.boot.test.context.SpringBootTestContextBootstrapper - Neither @ContextConfiguration nor @ContextHierarchy found for test class [org.example.webTest.domain.posts.PostsRepositoryTest], using SpringBootContextLoader
13:27:28.659 [Test worker] DEBUG org.springframework.test.context.support.AbstractContextLoader - Did not detect default resource location for test class [org.example.webTest.domain.posts.PostsRepositoryTest]: class path resource [org/example/webTest/domain/posts/PostsRepositoryTest-context.xml] does not exist
13:27:28.659 [Test worker] DEBUG org.springframework.test.context.support.AbstractContextLoader - Did not detect default resource location for test class [org.example.webTest.domain.posts.PostsRepositoryTest]: class path resource [org/example/webTest/domain/posts/PostsRepositoryTestContext.groovy] does not exist
13:27:28.659 [Test worker] INFO org.springframework.test.context.support.AbstractContextLoader - Could not detect default resource locations for test class [org.example.webTest.domain.posts.PostsRepositoryTest]: no resource found for suffixes {-context.xml, Context.groovy}.
13:27:28.659 [Test worker] INFO org.springframework.test.context.support.AnnotationConfigContextLoaderUtils - Could not detect default configuration classes for test class [org.example.webTest.domain.posts.PostsRepositoryTest]: PostsRepositoryTest does not declare any static, non-private, non-final, nested classes annotated with @Configuration.
13:27:28.706 [Test worker] DEBUG org.springframework.test.context.support.ActiveProfilesUtils - Could not find an 'annotation declaring class' for annotation type [org.springframework.test.context.ActiveProfiles] and class [org.example.webTest.domain.posts.PostsRepositoryTest]
13:27:28.774 [Test worker] DEBUG org.springframework.context.annotation.ClassPathScanningCandidateComponentProvider - Identified candidate component class: file [C:\Users\suhyun\IdeaProjects\SHIM-s-Anatomy\build\classes\java\main\org\example\webTest\Application.class]
13:27:28.774 [Test worker] INFO org.springframework.boot.test.context.SpringBootTestContextBootstrapper - Found @SpringBootConfiguration org.example.webTest.Application for test class org.example.webTest.domain.posts.PostsRepositoryTest
13:27:28.875 [Test worker] DEBUG org.springframework.boot.test.context.SpringBootTestContextBootstrapper - @TestExecutionListeners is not present for class [org.example.webTest.domain.posts.PostsRepositoryTest]: using defaults.
13:27:28.875 [Test worker] INFO org.springframework.boot.test.context.SpringBootTestContextBootstrapper - Loaded default TestExecutionListener class names from location [META-INF/spring.factories]: [org.springframework.security.test.context.support.WithSecurityContextTestExecutionListener, org.springframework.security.test.context.support.ReactorContextTestExecutionListener, org.springframework.boot.test.autoconfigure.restdocs.RestDocsTestExecutionListener, org.springframework.boot.test.autoconfigure.web.client.MockRestServiceServerResetTestExecutionListener, org.springframework.boot.test.autoconfigure.web.servlet.MockMvcPrintOnlyOnFailureTestExecutionListener, org.springframework.boot.test.autoconfigure.web.servlet.WebDriverTestExecutionListener, org.springframework.boot.test.autoconfigure.webservices.client.MockWebServiceServerTestExecutionListener, org.springframework.boot.test.mock.mockito.MockitoTestExecutionListener, org.springframework.boot.test.mock.mockito.ResetMocksTestExecutionListener, org.springframework.test.context.web.ServletTestExecutionListener, org.springframework.test.context.support.DirtiesContextBeforeModesTestExecutionListener, org.springframework.test.context.support.DependencyInjectionTestExecutionListener, org.springframework.test.context.support.DirtiesContextTestExecutionListener, org.springframework.test.context.transaction.TransactionalTestExecutionListener, org.springframework.test.context.jdbc.SqlScriptsTestExecutionListener, org.springframework.test.context.event.EventPublishingTestExecutionListener]
13:27:28.891 [Test worker] INFO org.springframework.boot.test.context.SpringBootTestContextBootstrapper - Using TestExecutionListeners: [org.springframework.test.context.web.ServletTestExecutionListener@61855b84, org.springframework.test.context.support.DirtiesContextBeforeModesTestExecutionListener@2fa29174, org.springframework.boot.test.mock.mockito.MockitoTestExecutionListener@c11b03d, org.springframework.boot.test.autoconfigure.SpringBootDependencyInjectionTestExecutionListener@16bb7f0b, org.springframework.test.context.support.DirtiesContextTestExecutionListener@5da95f23, org.springframework.test.context.transaction.TransactionalTestExecutionListener@663b4cd3, org.springframework.test.context.jdbc.SqlScriptsTestExecutionListener@67aa9871, org.springframework.security.test.context.support.WithSecurityContextTestExecutionListener@2a24e0a8, org.springframework.test.context.event.EventPublishingTestExecutionListener@3d63f288, org.springframework.security.test.context.support.ReactorContextTestExecutionListener@1027c23, org.springframework.boot.test.autoconfigure.restdocs.RestDocsTestExecutionListener@32d80562, org.springframework.boot.test.autoconfigure.web.client.MockRestServiceServerResetTestExecutionListener@3ff49231, org.springframework.boot.test.autoconfigure.web.servlet.MockMvcPrintOnlyOnFailureTestExecutionListener@1d21c0f5, org.springframework.boot.test.autoconfigure.web.servlet.WebDriverTestExecutionListener@fd05416, org.springframework.boot.test.autoconfigure.webservices.client.MockWebServiceServerTestExecutionListener@7d51a39b, org.springframework.boot.test.mock.mockito.ResetMocksTestExecutionListener@662fc31a]
13:27:28.891 [Test worker] DEBUG org.springframework.test.context.support.AbstractDirtiesContextTestExecutionListener - Before test class: context [DefaultTestContext@75a012de testClass = PostsRepositoryTest, testInstance = [null], testMethod = [null], testException = [null], mergedContextConfiguration = [WebMergedContextConfiguration@2a555e76 testClass = PostsRepositoryTest, locations = '{}', classes = '{class org.example.webTest.Application}', contextInitializerClasses = '[]', activeProfiles = '{}', propertySourceLocations = '{}', propertySourceProperties = '{org.springframework.boot.test.context.SpringBootTestContextBootstrapper=true}', contextCustomizers = set[org.springframework.boot.test.autoconfigure.actuate.metrics.MetricsExportContextCustomizerFactory$DisableMetricExportContextCustomizer@5862c773, org.springframework.boot.test.autoconfigure.properties.PropertyMappingContextCustomizer@0, org.springframework.boot.test.autoconfigure.web.servlet.WebDriverContextCustomizerFactory$Customizer@3d59e3de, org.springframework.boot.test.context.filter.ExcludeFilterContextCustomizer@4cdde230, org.springframework.boot.test.json.DuplicateJsonObjectContextCustomizerFactory$DuplicateJsonObjectContextCustomizer@6d3a5581, org.springframework.boot.test.mock.mockito.MockitoContextCustomizer@0, org.springframework.boot.test.web.client.TestRestTemplateContextCustomizer@347b78, org.springframework.boot.test.context.SpringBootTestArgs@1, org.springframework.boot.test.context.SpringBootTestWebEnvironment@35747d4a], resourceBasePath = 'src/main/webapp', contextLoader = 'org.springframework.boot.test.context.SpringBootContextLoader', parent = [null]], attributes = map['org.springframework.test.context.web.ServletTestExecutionListener.activateListener' -> true]], class annotated with @DirtiesContext [false] with mode [null].
13:27:28.922 [Test worker] DEBUG org.springframework.test.context.support.TestPropertySourceUtils - Adding inlined properties to environment: {spring.jmx.enabled=false, org.springframework.boot.test.context.SpringBootTestContextBootstrapper=true}

  .   ____          _            __ _ _
 /\\ / ___'_ __ _ _(_)_ __  __ _ \ \ \ \
( ( )\___ | '_ | '_| | '_ \/ _` | \ \ \ \
 \\/  ___)| |_)| | | | | || (_| |  ) ) ) )
  '  |____| .__|_| |_|_| |_\__, | / / / /
 =========|_|==============|___/=/_/_/_/
 :: Spring Boot ::                (v2.4.1)

2021-10-11 13:27:29.175  INFO 14268 --- [    Test worker] o.e.w.domain.posts.PostsRepositoryTest   : Starting PostsRepositoryTest using Java 1.8.0_301 on LAPTOP-A4QEFCE3 with PID 14268 (started by suhyun in C:\Users\suhyun\IdeaProjects\SHIM-s-Anatomy)
2021-10-11 13:27:29.175  INFO 14268 --- [    Test worker] o.e.w.domain.posts.PostsRepositoryTest   : No active profile set, falling back to default profiles: default
2021-10-11 13:27:29.860  INFO 14268 --- [    Test worker] .s.d.r.c.RepositoryConfigurationDelegate : Bootstrapping Spring Data JPA repositories in DEFAULT mode.
2021-10-11 13:27:29.944  INFO 14268 --- [    Test worker] .s.d.r.c.RepositoryConfigurationDelegate : Finished Spring Data repository scanning in 66 ms. Found 2 JPA repository interfaces.
2021-10-11 13:27:30.610  INFO 14268 --- [    Test worker] com.zaxxer.hikari.HikariDataSource       : HikariPool-1 - Starting...
2021-10-11 13:27:30.793  INFO 14268 --- [    Test worker] com.zaxxer.hikari.HikariDataSource       : HikariPool-1 - Start completed.
2021-10-11 13:27:30.861  INFO 14268 --- [    Test worker] o.hibernate.jpa.internal.util.LogHelper  : HHH000204: Processing PersistenceUnitInfo [name: default]
2021-10-11 13:27:30.939  INFO 14268 --- [    Test worker] org.hibernate.Version                    : HHH000412: Hibernate ORM core version 5.4.25.Final
2021-10-11 13:27:31.108  INFO 14268 --- [    Test worker] o.hibernate.annotations.common.Version   : HCANN000001: Hibernate Commons Annotations {5.1.2.Final}
2021-10-11 13:27:31.246  INFO 14268 --- [    Test worker] org.hibernate.dialect.Dialect            : HHH000400: Using dialect: org.hibernate.dialect.MySQL57Dialect
Hibernate: drop table if exists posts
Hibernate: drop table if exists user
Hibernate: create table posts (id bigint not null auto_increment, created_date datetime(6), modified_date datetime(6), author varchar(255), content TEXT not null, title varchar(500) not null, primary key (id)) engine=InnoDB
Hibernate: create table user (id bigint not null auto_increment, created_date datetime(6), modified_date datetime(6), email varchar(255) not null, name varchar(255) not null, picture varchar(255), role varchar(255) not null, primary key (id)) engine=InnoDB
2021-10-11 13:27:31.928  INFO 14268 --- [    Test worker] o.h.e.t.j.p.i.JtaPlatformInitiator       : HHH000490: Using JtaPlatform implementation: [org.hibernate.engine.transaction.jta.platform.internal.NoJtaPlatform]
2021-10-11 13:27:31.944  INFO 14268 --- [    Test worker] j.LocalContainerEntityManagerFactoryBean : Initialized JPA EntityManagerFactory for persistence unit 'default'
2021-10-11 13:27:32.492  WARN 14268 --- [    Test worker] JpaBaseConfiguration$JpaWebConfiguration : spring.jpa.open-in-view is enabled by default. Therefore, database queries may be performed during view rendering. Explicitly configure spring.jpa.open-in-view to disable this warning
2021-10-11 13:27:33.191  INFO 14268 --- [    Test worker] o.s.s.web.DefaultSecurityFilterChain     : Will secure any request with [org.springframework.security.web.context.request.async.WebAsyncManagerIntegrationFilter@606b163f, org.springframework.security.web.context.SecurityContextPersistenceFilter@7ca050ff, org.springframework.security.web.header.HeaderWriterFilter@6f11f619, org.springframework.security.web.authentication.logout.LogoutFilter@5a30112e, org.springframework.security.oauth2.client.web.OAuth2AuthorizationRequestRedirectFilter@5beeee01, org.springframework.security.oauth2.client.web.OAuth2LoginAuthenticationFilter@72c0a1d3, org.springframework.security.web.authentication.ui.DefaultLoginPageGeneratingFilter@3c66bbaf, org.springframework.security.web.authentication.ui.DefaultLogoutPageGeneratingFilter@323b194e, org.springframework.security.web.savedrequest.RequestCacheAwareFilter@7b962d58, org.springframework.security.web.servletapi.SecurityContextHolderAwareRequestFilter@370dfad3, org.springframework.security.web.authentication.AnonymousAuthenticationFilter@689bf66, org.springframework.security.web.session.SessionManagementFilter@62dc02d6, org.springframework.security.web.access.ExceptionTranslationFilter@210cfa52, org.springframework.security.web.access.intercept.FilterSecurityInterceptor@63c5d242]
2021-10-11 13:27:33.642  INFO 14268 --- [    Test worker] o.s.s.concurrent.ThreadPoolTaskExecutor  : Initializing ExecutorService 'applicationTaskExecutor'
2021-10-11 13:27:33.795  INFO 14268 --- [    Test worker] o.s.b.a.w.s.WelcomePageHandlerMapping    : Adding welcome page template: index
2021-10-11 13:27:34.328  INFO 14268 --- [    Test worker] s.a.ScheduledAnnotationBeanPostProcessor : No TaskScheduler/ScheduledExecutorService bean found for scheduled processing
2021-10-11 13:27:34.341  INFO 14268 --- [    Test worker] o.e.w.domain.posts.PostsRepositoryTest   : Started PostsRepositoryTest in 5.4 seconds (JVM running for 6.806)
Hibernate: insert into posts (created_date, modified_date, author, content, title) values (?, ?, ?, ?, ?)
Hibernate: select posts0_.id as id1_0_, posts0_.created_date as created_2_0_, posts0_.modified_date as modified3_0_, posts0_.author as author4_0_, posts0_.content as content5_0_, posts0_.title as title6_0_ from posts posts0_
Hibernate: select posts0_.id as id1_0_, posts0_.created_date as created_2_0_, posts0_.modified_date as modified3_0_, posts0_.author as author4_0_, posts0_.content as content5_0_, posts0_.title as title6_0_ from posts posts0_
Hibernate: delete from posts where id=?
Hibernate: insert into posts (created_date, modified_date, author, content, title) values (?, ?, ?, ?, ?)
Hibernate: select posts0_.id as id1_0_, posts0_.created_date as created_2_0_, posts0_.modified_date as modified3_0_, posts0_.author as author4_0_, posts0_.content as content5_0_, posts0_.title as title6_0_ from posts posts0_
>>>>>>>> createDate=2021-10-11T13:27:34.670, modifiedDate=2021-10-11T13:27:34.670
Hibernate: select posts0_.id as id1_0_, posts0_.created_date as created_2_0_, posts0_.modified_date as modified3_0_, posts0_.author as author4_0_, posts0_.content as content5_0_, posts0_.title as title6_0_ from posts posts0_
Hibernate: delete from posts where id=?
]]></system-out>
  <system-err><![CDATA[]]></system-err>
</testsuite>
