<?xml version="1.0" encoding="UTF-8"?>
<testsuite name="org.example.webTest.domain.posts.PostsRepositoryTest" tests="2" skipped="0" failures="0" errors="0" timestamp="2021-11-11T06:21:40" hostname="LAPTOP-A4QEFCE3" time="0.396">
  <properties/>
  <testcase name="articlelist_loading()" classname="org.example.webTest.domain.posts.PostsRepositoryTest" time="0.373"/>
  <testcase name="BaseTimeEntity_save()" classname="org.example.webTest.domain.posts.PostsRepositoryTest" time="0.022"/>
  <system-out><![CDATA[15:21:33.839 [Test worker] DEBUG org.springframework.test.context.BootstrapUtils - Instantiating CacheAwareContextLoaderDelegate from class [org.springframework.test.context.cache.DefaultCacheAwareContextLoaderDelegate]
15:21:33.860 [Test worker] DEBUG org.springframework.test.context.BootstrapUtils - Instantiating BootstrapContext using constructor [public org.springframework.test.context.support.DefaultBootstrapContext(java.lang.Class,org.springframework.test.context.CacheAwareContextLoaderDelegate)]
15:21:33.892 [Test worker] DEBUG org.springframework.test.context.BootstrapUtils - Instantiating TestContextBootstrapper for test class [org.example.webTest.domain.posts.PostsRepositoryTest] from class [org.springframework.boot.test.context.SpringBootTestContextBootstrapper]
15:21:33.907 [Test worker] INFO org.springframework.boot.test.context.SpringBootTestContextBootstrapper - Neither @ContextConfiguration nor @ContextHierarchy found for test class [org.example.webTest.domain.posts.PostsRepositoryTest], using SpringBootContextLoader
15:21:33.923 [Test worker] DEBUG org.springframework.test.context.support.AbstractContextLoader - Did not detect default resource location for test class [org.example.webTest.domain.posts.PostsRepositoryTest]: class path resource [org/example/webTest/domain/posts/PostsRepositoryTest-context.xml] does not exist
15:21:33.923 [Test worker] DEBUG org.springframework.test.context.support.AbstractContextLoader - Did not detect default resource location for test class [org.example.webTest.domain.posts.PostsRepositoryTest]: class path resource [org/example/webTest/domain/posts/PostsRepositoryTestContext.groovy] does not exist
15:21:33.923 [Test worker] INFO org.springframework.test.context.support.AbstractContextLoader - Could not detect default resource locations for test class [org.example.webTest.domain.posts.PostsRepositoryTest]: no resource found for suffixes {-context.xml, Context.groovy}.
15:21:33.923 [Test worker] INFO org.springframework.test.context.support.AnnotationConfigContextLoaderUtils - Could not detect default configuration classes for test class [org.example.webTest.domain.posts.PostsRepositoryTest]: PostsRepositoryTest does not declare any static, non-private, non-final, nested classes annotated with @Configuration.
15:21:33.960 [Test worker] DEBUG org.springframework.test.context.support.ActiveProfilesUtils - Could not find an 'annotation declaring class' for annotation type [org.springframework.test.context.ActiveProfiles] and class [org.example.webTest.domain.posts.PostsRepositoryTest]
15:21:34.023 [Test worker] DEBUG org.springframework.context.annotation.ClassPathScanningCandidateComponentProvider - Identified candidate component class: file [C:\Users\suhyun\OneDrive\바탕 화면\suhyun files\SHIM's anatomy\build\classes\java\main\org\example\webTest\Application.class]
15:21:34.023 [Test worker] INFO org.springframework.boot.test.context.SpringBootTestContextBootstrapper - Found @SpringBootConfiguration org.example.webTest.Application for test class org.example.webTest.domain.posts.PostsRepositoryTest
15:21:34.123 [Test worker] DEBUG org.springframework.boot.test.context.SpringBootTestContextBootstrapper - @TestExecutionListeners is not present for class [org.example.webTest.domain.posts.PostsRepositoryTest]: using defaults.
15:21:34.123 [Test worker] INFO org.springframework.boot.test.context.SpringBootTestContextBootstrapper - Loaded default TestExecutionListener class names from location [META-INF/spring.factories]: [org.springframework.security.test.context.support.WithSecurityContextTestExecutionListener, org.springframework.security.test.context.support.ReactorContextTestExecutionListener, org.springframework.boot.test.autoconfigure.restdocs.RestDocsTestExecutionListener, org.springframework.boot.test.autoconfigure.web.client.MockRestServiceServerResetTestExecutionListener, org.springframework.boot.test.autoconfigure.web.servlet.MockMvcPrintOnlyOnFailureTestExecutionListener, org.springframework.boot.test.autoconfigure.web.servlet.WebDriverTestExecutionListener, org.springframework.boot.test.autoconfigure.webservices.client.MockWebServiceServerTestExecutionListener, org.springframework.boot.test.mock.mockito.MockitoTestExecutionListener, org.springframework.boot.test.mock.mockito.ResetMocksTestExecutionListener, org.springframework.test.context.web.ServletTestExecutionListener, org.springframework.test.context.support.DirtiesContextBeforeModesTestExecutionListener, org.springframework.test.context.support.DependencyInjectionTestExecutionListener, org.springframework.test.context.support.DirtiesContextTestExecutionListener, org.springframework.test.context.transaction.TransactionalTestExecutionListener, org.springframework.test.context.jdbc.SqlScriptsTestExecutionListener, org.springframework.test.context.event.EventPublishingTestExecutionListener]
15:21:34.160 [Test worker] INFO org.springframework.boot.test.context.SpringBootTestContextBootstrapper - Using TestExecutionListeners: [org.springframework.test.context.web.ServletTestExecutionListener@11db6ed3, org.springframework.test.context.support.DirtiesContextBeforeModesTestExecutionListener@4cbf851d, org.springframework.boot.test.mock.mockito.MockitoTestExecutionListener@3aedf2b0, org.springframework.boot.test.autoconfigure.SpringBootDependencyInjectionTestExecutionListener@2104f638, org.springframework.test.context.support.DirtiesContextTestExecutionListener@6be3b93d, org.springframework.test.context.transaction.TransactionalTestExecutionListener@5b445e31, org.springframework.test.context.jdbc.SqlScriptsTestExecutionListener@e694f9b, org.springframework.security.test.context.support.WithSecurityContextTestExecutionListener@85add58, org.springframework.test.context.event.EventPublishingTestExecutionListener@7e86a73f, org.springframework.security.test.context.support.ReactorContextTestExecutionListener@7cadb08, org.springframework.boot.test.autoconfigure.restdocs.RestDocsTestExecutionListener@431b59fd, org.springframework.boot.test.autoconfigure.web.client.MockRestServiceServerResetTestExecutionListener@1d75ecdb, org.springframework.boot.test.autoconfigure.web.servlet.MockMvcPrintOnlyOnFailureTestExecutionListener@56010f15, org.springframework.boot.test.autoconfigure.web.servlet.WebDriverTestExecutionListener@7429c46, org.springframework.boot.test.autoconfigure.webservices.client.MockWebServiceServerTestExecutionListener@1e8fe9e2, org.springframework.boot.test.mock.mockito.ResetMocksTestExecutionListener@2c2edddc]
15:21:34.160 [Test worker] DEBUG org.springframework.test.context.support.AbstractDirtiesContextTestExecutionListener - Before test class: context [DefaultTestContext@2a238e0c testClass = PostsRepositoryTest, testInstance = [null], testMethod = [null], testException = [null], mergedContextConfiguration = [WebMergedContextConfiguration@65bf0c5e testClass = PostsRepositoryTest, locations = '{}', classes = '{class org.example.webTest.Application}', contextInitializerClasses = '[]', activeProfiles = '{}', propertySourceLocations = '{}', propertySourceProperties = '{org.springframework.boot.test.context.SpringBootTestContextBootstrapper=true}', contextCustomizers = set[org.springframework.boot.test.autoconfigure.actuate.metrics.MetricsExportContextCustomizerFactory$DisableMetricExportContextCustomizer@1bb881cd, org.springframework.boot.test.autoconfigure.properties.PropertyMappingContextCustomizer@0, org.springframework.boot.test.autoconfigure.web.servlet.WebDriverContextCustomizerFactory$Customizer@167024fb, org.springframework.boot.test.context.filter.ExcludeFilterContextCustomizer@7ecaaec2, org.springframework.boot.test.json.DuplicateJsonObjectContextCustomizerFactory$DuplicateJsonObjectContextCustomizer@f53e920, org.springframework.boot.test.mock.mockito.MockitoContextCustomizer@0, org.springframework.boot.test.web.client.TestRestTemplateContextCustomizer@410cc1c1, org.springframework.boot.test.context.SpringBootTestArgs@1, org.springframework.boot.test.context.SpringBootTestWebEnvironment@167e5f2], resourceBasePath = 'src/main/webapp', contextLoader = 'org.springframework.boot.test.context.SpringBootContextLoader', parent = [null]], attributes = map['org.springframework.test.context.web.ServletTestExecutionListener.activateListener' -> true]], class annotated with @DirtiesContext [false] with mode [null].
15:21:34.192 [Test worker] DEBUG org.springframework.test.context.support.TestPropertySourceUtils - Adding inlined properties to environment: {spring.jmx.enabled=false, org.springframework.boot.test.context.SpringBootTestContextBootstrapper=true}

  .   ____          _            __ _ _
 /\\ / ___'_ __ _ _(_)_ __  __ _ \ \ \ \
( ( )\___ | '_ | '_| | '_ \/ _` | \ \ \ \
 \\/  ___)| |_)| | | | | || (_| |  ) ) ) )
  '  |____| .__|_| |_|_| |_\__, | / / / /
 =========|_|==============|___/=/_/_/_/
 :: Spring Boot ::                (v2.4.1)

2021-11-11 15:21:34.460  INFO 32096 --- [    Test worker] o.e.w.domain.posts.PostsRepositoryTest   : Starting PostsRepositoryTest using Java 1.8.0_301 on LAPTOP-A4QEFCE3 with PID 32096 (started by suhyun in C:\Users\suhyun\OneDrive\바탕 화면\suhyun files\SHIM's anatomy)
2021-11-11 15:21:34.466  INFO 32096 --- [    Test worker] o.e.w.domain.posts.PostsRepositoryTest   : No active profile set, falling back to default profiles: default
2021-11-11 15:21:35.183  INFO 32096 --- [    Test worker] .s.d.r.c.RepositoryConfigurationDelegate : Bootstrapping Spring Data JPA repositories in DEFAULT mode.
2021-11-11 15:21:35.284  INFO 32096 --- [    Test worker] .s.d.r.c.RepositoryConfigurationDelegate : Finished Spring Data repository scanning in 94 ms. Found 2 JPA repository interfaces.
2021-11-11 15:21:36.040  INFO 32096 --- [    Test worker] com.zaxxer.hikari.HikariDataSource       : HikariPool-1 - Starting...
2021-11-11 15:21:36.274  INFO 32096 --- [    Test worker] com.zaxxer.hikari.HikariDataSource       : HikariPool-1 - Start completed.
2021-11-11 15:21:36.356  INFO 32096 --- [    Test worker] o.hibernate.jpa.internal.util.LogHelper  : HHH000204: Processing PersistenceUnitInfo [name: default]
2021-11-11 15:21:36.441  INFO 32096 --- [    Test worker] org.hibernate.Version                    : HHH000412: Hibernate ORM core version 5.4.25.Final
2021-11-11 15:21:36.609  INFO 32096 --- [    Test worker] o.hibernate.annotations.common.Version   : HCANN000001: Hibernate Commons Annotations {5.1.2.Final}
2021-11-11 15:21:36.759  INFO 32096 --- [    Test worker] org.hibernate.dialect.Dialect            : HHH000400: Using dialect: org.hibernate.dialect.MySQL57Dialect
Hibernate: drop table if exists posts
Hibernate: drop table if exists user
Hibernate: create table posts (id bigint not null auto_increment, created_date datetime(6), modified_date datetime(6), author varchar(255), content TEXT not null, title varchar(500) not null, primary key (id)) engine=InnoDB
Hibernate: create table user (id bigint not null auto_increment, created_date datetime(6), modified_date datetime(6), email varchar(255) not null, name varchar(255) not null, picture varchar(255), role varchar(255) not null, primary key (id)) engine=InnoDB
2021-11-11 15:21:37.609  INFO 32096 --- [    Test worker] o.h.e.t.j.p.i.JtaPlatformInitiator       : HHH000490: Using JtaPlatform implementation: [org.hibernate.engine.transaction.jta.platform.internal.NoJtaPlatform]
2021-11-11 15:21:37.625  INFO 32096 --- [    Test worker] j.LocalContainerEntityManagerFactoryBean : Initialized JPA EntityManagerFactory for persistence unit 'default'
2021-11-11 15:21:38.238  WARN 32096 --- [    Test worker] JpaBaseConfiguration$JpaWebConfiguration : spring.jpa.open-in-view is enabled by default. Therefore, database queries may be performed during view rendering. Explicitly configure spring.jpa.open-in-view to disable this warning
2021-11-11 15:21:39.062  INFO 32096 --- [    Test worker] o.s.s.web.DefaultSecurityFilterChain     : Will secure any request with [org.springframework.security.web.context.request.async.WebAsyncManagerIntegrationFilter@423c46f0, org.springframework.security.web.context.SecurityContextPersistenceFilter@2d581e3, org.springframework.security.web.header.HeaderWriterFilter@14cf94e0, org.springframework.security.web.authentication.logout.LogoutFilter@1afa99c4, org.springframework.security.oauth2.client.web.OAuth2AuthorizationRequestRedirectFilter@7a02e58d, org.springframework.security.oauth2.client.web.OAuth2LoginAuthenticationFilter@3fcca030, org.springframework.security.web.authentication.ui.DefaultLoginPageGeneratingFilter@55ec1910, org.springframework.security.web.authentication.ui.DefaultLogoutPageGeneratingFilter@7393462f, org.springframework.security.web.savedrequest.RequestCacheAwareFilter@234cf761, org.springframework.security.web.servletapi.SecurityContextHolderAwareRequestFilter@e3bb161, org.springframework.security.web.authentication.AnonymousAuthenticationFilter@7bd375ba, org.springframework.security.web.session.SessionManagementFilter@38e86e96, org.springframework.security.web.access.ExceptionTranslationFilter@6bb2c2f1, org.springframework.security.web.access.intercept.FilterSecurityInterceptor@891fc8e]
2021-11-11 15:21:39.604  INFO 32096 --- [    Test worker] o.s.s.concurrent.ThreadPoolTaskExecutor  : Initializing ExecutorService 'applicationTaskExecutor'
2021-11-11 15:21:39.759  INFO 32096 --- [    Test worker] o.s.b.a.w.s.WelcomePageHandlerMapping    : Adding welcome page template: index
2021-11-11 15:21:40.281  INFO 32096 --- [    Test worker] s.a.ScheduledAnnotationBeanPostProcessor : No TaskScheduler/ScheduledExecutorService bean found for scheduled processing
2021-11-11 15:21:40.299  INFO 32096 --- [    Test worker] o.e.w.domain.posts.PostsRepositoryTest   : Started PostsRepositoryTest in 6.092 seconds (JVM running for 7.699)
Hibernate: insert into posts (created_date, modified_date, author, content, title) values (?, ?, ?, ?, ?)
Hibernate: select posts0_.id as id1_0_, posts0_.created_date as created_2_0_, posts0_.modified_date as modified3_0_, posts0_.author as author4_0_, posts0_.content as content5_0_, posts0_.title as title6_0_ from posts posts0_
Hibernate: select posts0_.id as id1_0_, posts0_.created_date as created_2_0_, posts0_.modified_date as modified3_0_, posts0_.author as author4_0_, posts0_.content as content5_0_, posts0_.title as title6_0_ from posts posts0_
Hibernate: delete from posts where id=?
Hibernate: insert into posts (created_date, modified_date, author, content, title) values (?, ?, ?, ?, ?)
Hibernate: select posts0_.id as id1_0_, posts0_.created_date as created_2_0_, posts0_.modified_date as modified3_0_, posts0_.author as author4_0_, posts0_.content as content5_0_, posts0_.title as title6_0_ from posts posts0_
>>>>>>>> createDate=2021-11-11T15:21:40.708, modifiedDate=2021-11-11T15:21:40.708
Hibernate: select posts0_.id as id1_0_, posts0_.created_date as created_2_0_, posts0_.modified_date as modified3_0_, posts0_.author as author4_0_, posts0_.content as content5_0_, posts0_.title as title6_0_ from posts posts0_
Hibernate: delete from posts where id=?
]]></system-out>
  <system-err><![CDATA[]]></system-err>
</testsuite>
