<?xml version="1.0" encoding="UTF-8"?>
<testsuite name="org.example.webTest.domain.posts.PostsRepositoryTest" tests="2" skipped="0" failures="0" errors="0" timestamp="2021-09-20T08:46:00" hostname="LAPTOP-A4QEFCE3" time="0.288">
  <properties/>
  <testcase name="articlelist_loading()" classname="org.example.webTest.domain.posts.PostsRepositoryTest" time="0.275"/>
  <testcase name="BaseTimeEntity_save()" classname="org.example.webTest.domain.posts.PostsRepositoryTest" time="0.012"/>
  <system-out><![CDATA[17:45:54.872 [Test worker] DEBUG org.springframework.test.context.BootstrapUtils - Instantiating CacheAwareContextLoaderDelegate from class [org.springframework.test.context.cache.DefaultCacheAwareContextLoaderDelegate]
17:45:54.883 [Test worker] DEBUG org.springframework.test.context.BootstrapUtils - Instantiating BootstrapContext using constructor [public org.springframework.test.context.support.DefaultBootstrapContext(java.lang.Class,org.springframework.test.context.CacheAwareContextLoaderDelegate)]
17:45:54.917 [Test worker] DEBUG org.springframework.test.context.BootstrapUtils - Instantiating TestContextBootstrapper for test class [org.example.webTest.domain.posts.PostsRepositoryTest] from class [org.springframework.boot.test.context.SpringBootTestContextBootstrapper]
17:45:54.930 [Test worker] INFO org.springframework.boot.test.context.SpringBootTestContextBootstrapper - Neither @ContextConfiguration nor @ContextHierarchy found for test class [org.example.webTest.domain.posts.PostsRepositoryTest], using SpringBootContextLoader
17:45:54.934 [Test worker] DEBUG org.springframework.test.context.support.AbstractContextLoader - Did not detect default resource location for test class [org.example.webTest.domain.posts.PostsRepositoryTest]: class path resource [org/example/webTest/domain/posts/PostsRepositoryTest-context.xml] does not exist
17:45:54.934 [Test worker] DEBUG org.springframework.test.context.support.AbstractContextLoader - Did not detect default resource location for test class [org.example.webTest.domain.posts.PostsRepositoryTest]: class path resource [org/example/webTest/domain/posts/PostsRepositoryTestContext.groovy] does not exist
17:45:54.934 [Test worker] INFO org.springframework.test.context.support.AbstractContextLoader - Could not detect default resource locations for test class [org.example.webTest.domain.posts.PostsRepositoryTest]: no resource found for suffixes {-context.xml, Context.groovy}.
17:45:54.935 [Test worker] INFO org.springframework.test.context.support.AnnotationConfigContextLoaderUtils - Could not detect default configuration classes for test class [org.example.webTest.domain.posts.PostsRepositoryTest]: PostsRepositoryTest does not declare any static, non-private, non-final, nested classes annotated with @Configuration.
17:45:54.978 [Test worker] DEBUG org.springframework.test.context.support.ActiveProfilesUtils - Could not find an 'annotation declaring class' for annotation type [org.springframework.test.context.ActiveProfiles] and class [org.example.webTest.domain.posts.PostsRepositoryTest]
17:45:55.040 [Test worker] DEBUG org.springframework.context.annotation.ClassPathScanningCandidateComponentProvider - Identified candidate component class: file [C:\Users\suhyun\IdeaProjects\SHIM-s-Anatomy\build\classes\java\main\org\example\webTest\Application.class]
17:45:55.041 [Test worker] INFO org.springframework.boot.test.context.SpringBootTestContextBootstrapper - Found @SpringBootConfiguration org.example.webTest.Application for test class org.example.webTest.domain.posts.PostsRepositoryTest
17:45:55.135 [Test worker] DEBUG org.springframework.boot.test.context.SpringBootTestContextBootstrapper - @TestExecutionListeners is not present for class [org.example.webTest.domain.posts.PostsRepositoryTest]: using defaults.
17:45:55.135 [Test worker] INFO org.springframework.boot.test.context.SpringBootTestContextBootstrapper - Loaded default TestExecutionListener class names from location [META-INF/spring.factories]: [org.springframework.security.test.context.support.WithSecurityContextTestExecutionListener, org.springframework.security.test.context.support.ReactorContextTestExecutionListener, org.springframework.boot.test.autoconfigure.restdocs.RestDocsTestExecutionListener, org.springframework.boot.test.autoconfigure.web.client.MockRestServiceServerResetTestExecutionListener, org.springframework.boot.test.autoconfigure.web.servlet.MockMvcPrintOnlyOnFailureTestExecutionListener, org.springframework.boot.test.autoconfigure.web.servlet.WebDriverTestExecutionListener, org.springframework.boot.test.autoconfigure.webservices.client.MockWebServiceServerTestExecutionListener, org.springframework.boot.test.mock.mockito.MockitoTestExecutionListener, org.springframework.boot.test.mock.mockito.ResetMocksTestExecutionListener, org.springframework.test.context.web.ServletTestExecutionListener, org.springframework.test.context.support.DirtiesContextBeforeModesTestExecutionListener, org.springframework.test.context.support.DependencyInjectionTestExecutionListener, org.springframework.test.context.support.DirtiesContextTestExecutionListener, org.springframework.test.context.transaction.TransactionalTestExecutionListener, org.springframework.test.context.jdbc.SqlScriptsTestExecutionListener, org.springframework.test.context.event.EventPublishingTestExecutionListener]
17:45:55.154 [Test worker] INFO org.springframework.boot.test.context.SpringBootTestContextBootstrapper - Using TestExecutionListeners: [org.springframework.test.context.web.ServletTestExecutionListener@101ced55, org.springframework.test.context.support.DirtiesContextBeforeModesTestExecutionListener@3ed2185c, org.springframework.boot.test.mock.mockito.MockitoTestExecutionListener@549f4a74, org.springframework.boot.test.autoconfigure.SpringBootDependencyInjectionTestExecutionListener@76d84419, org.springframework.test.context.support.DirtiesContextTestExecutionListener@15979d2, org.springframework.test.context.transaction.TransactionalTestExecutionListener@2fe7815d, org.springframework.test.context.jdbc.SqlScriptsTestExecutionListener@185a23f, org.springframework.security.test.context.support.WithSecurityContextTestExecutionListener@35c9c69a, org.springframework.test.context.event.EventPublishingTestExecutionListener@7f14be18, org.springframework.security.test.context.support.ReactorContextTestExecutionListener@6cea35ce, org.springframework.boot.test.autoconfigure.restdocs.RestDocsTestExecutionListener@40d2f636, org.springframework.boot.test.autoconfigure.web.client.MockRestServiceServerResetTestExecutionListener@3b5405a0, org.springframework.boot.test.autoconfigure.web.servlet.MockMvcPrintOnlyOnFailureTestExecutionListener@616a88ac, org.springframework.boot.test.autoconfigure.web.servlet.WebDriverTestExecutionListener@5c13850a, org.springframework.boot.test.autoconfigure.webservices.client.MockWebServiceServerTestExecutionListener@b27abf8, org.springframework.boot.test.mock.mockito.ResetMocksTestExecutionListener@1045d639]
17:45:55.158 [Test worker] DEBUG org.springframework.test.context.support.AbstractDirtiesContextTestExecutionListener - Before test class: context [DefaultTestContext@236b9cec testClass = PostsRepositoryTest, testInstance = [null], testMethod = [null], testException = [null], mergedContextConfiguration = [WebMergedContextConfiguration@6fdcc6ab testClass = PostsRepositoryTest, locations = '{}', classes = '{class org.example.webTest.Application}', contextInitializerClasses = '[]', activeProfiles = '{}', propertySourceLocations = '{}', propertySourceProperties = '{org.springframework.boot.test.context.SpringBootTestContextBootstrapper=true}', contextCustomizers = set[org.springframework.boot.test.autoconfigure.actuate.metrics.MetricsExportContextCustomizerFactory$DisableMetricExportContextCustomizer@68724568, org.springframework.boot.test.autoconfigure.properties.PropertyMappingContextCustomizer@0, org.springframework.boot.test.autoconfigure.web.servlet.WebDriverContextCustomizerFactory$Customizer@7c853269, org.springframework.boot.test.context.filter.ExcludeFilterContextCustomizer@6ef41bf7, org.springframework.boot.test.json.DuplicateJsonObjectContextCustomizerFactory$DuplicateJsonObjectContextCustomizer@5368c87c, org.springframework.boot.test.mock.mockito.MockitoContextCustomizer@0, org.springframework.boot.test.web.client.TestRestTemplateContextCustomizer@100fcba3, org.springframework.boot.test.context.SpringBootTestArgs@1, org.springframework.boot.test.context.SpringBootTestWebEnvironment@fc3967b], resourceBasePath = 'src/main/webapp', contextLoader = 'org.springframework.boot.test.context.SpringBootContextLoader', parent = [null]], attributes = map['org.springframework.test.context.web.ServletTestExecutionListener.activateListener' -> true]], class annotated with @DirtiesContext [false] with mode [null].
17:45:55.185 [Test worker] DEBUG org.springframework.test.context.support.TestPropertySourceUtils - Adding inlined properties to environment: {spring.jmx.enabled=false, org.springframework.boot.test.context.SpringBootTestContextBootstrapper=true}

  .   ____          _            __ _ _
 /\\ / ___'_ __ _ _(_)_ __  __ _ \ \ \ \
( ( )\___ | '_ | '_| | '_ \/ _` | \ \ \ \
 \\/  ___)| |_)| | | | | || (_| |  ) ) ) )
  '  |____| .__|_| |_|_| |_\__, | / / / /
 =========|_|==============|___/=/_/_/_/
 :: Spring Boot ::                (v2.4.1)

2021-09-20 17:45:55.416  INFO 13864 --- [    Test worker] o.e.w.domain.posts.PostsRepositoryTest   : Starting PostsRepositoryTest using Java 1.8.0_301 on LAPTOP-A4QEFCE3 with PID 13864 (started by suhyun in C:\Users\suhyun\IdeaProjects\SHIM-s-Anatomy)
2021-09-20 17:45:55.419  INFO 13864 --- [    Test worker] o.e.w.domain.posts.PostsRepositoryTest   : No active profile set, falling back to default profiles: default
2021-09-20 17:45:56.036  INFO 13864 --- [    Test worker] .s.d.r.c.RepositoryConfigurationDelegate : Bootstrapping Spring Data JPA repositories in DEFAULT mode.
2021-09-20 17:45:56.101  INFO 13864 --- [    Test worker] .s.d.r.c.RepositoryConfigurationDelegate : Finished Spring Data repository scanning in 56 ms. Found 2 JPA repository interfaces.
2021-09-20 17:45:56.718  INFO 13864 --- [    Test worker] com.zaxxer.hikari.HikariDataSource       : HikariPool-1 - Starting...
2021-09-20 17:45:56.879  INFO 13864 --- [    Test worker] com.zaxxer.hikari.HikariDataSource       : HikariPool-1 - Start completed.
2021-09-20 17:45:56.949  INFO 13864 --- [    Test worker] o.hibernate.jpa.internal.util.LogHelper  : HHH000204: Processing PersistenceUnitInfo [name: default]
2021-09-20 17:45:57.009  INFO 13864 --- [    Test worker] org.hibernate.Version                    : HHH000412: Hibernate ORM core version 5.4.25.Final
2021-09-20 17:45:57.149  INFO 13864 --- [    Test worker] o.hibernate.annotations.common.Version   : HCANN000001: Hibernate Commons Annotations {5.1.2.Final}
2021-09-20 17:45:57.284  INFO 13864 --- [    Test worker] org.hibernate.dialect.Dialect            : HHH000400: Using dialect: org.hibernate.dialect.MySQL57Dialect
2021-09-20 17:45:57.900  INFO 13864 --- [    Test worker] o.h.e.t.j.p.i.JtaPlatformInitiator       : HHH000490: Using JtaPlatform implementation: [org.hibernate.engine.transaction.jta.platform.internal.NoJtaPlatform]
2021-09-20 17:45:57.908  INFO 13864 --- [    Test worker] j.LocalContainerEntityManagerFactoryBean : Initialized JPA EntityManagerFactory for persistence unit 'default'
2021-09-20 17:45:58.408  WARN 13864 --- [    Test worker] JpaBaseConfiguration$JpaWebConfiguration : spring.jpa.open-in-view is enabled by default. Therefore, database queries may be performed during view rendering. Explicitly configure spring.jpa.open-in-view to disable this warning
2021-09-20 17:45:59.102  INFO 13864 --- [    Test worker] o.s.s.web.DefaultSecurityFilterChain     : Will secure any request with [org.springframework.security.web.context.request.async.WebAsyncManagerIntegrationFilter@2904d43e, org.springframework.security.web.context.SecurityContextPersistenceFilter@1aeed338, org.springframework.security.web.header.HeaderWriterFilter@640ef212, org.springframework.security.web.authentication.logout.LogoutFilter@35fc7002, org.springframework.security.oauth2.client.web.OAuth2AuthorizationRequestRedirectFilter@a8f2efb, org.springframework.security.oauth2.client.web.OAuth2LoginAuthenticationFilter@4e9febec, org.springframework.security.web.authentication.ui.DefaultLoginPageGeneratingFilter@3a5e0464, org.springframework.security.web.authentication.ui.DefaultLogoutPageGeneratingFilter@32456540, org.springframework.security.web.savedrequest.RequestCacheAwareFilter@1fbdd1bf, org.springframework.security.web.servletapi.SecurityContextHolderAwareRequestFilter@5fcd933d, org.springframework.security.web.authentication.AnonymousAuthenticationFilter@4c513c44, org.springframework.security.web.session.SessionManagementFilter@29d57bb8, org.springframework.security.web.access.ExceptionTranslationFilter@38572d29, org.springframework.security.web.access.intercept.FilterSecurityInterceptor@6678483d]
2021-09-20 17:45:59.507  INFO 13864 --- [    Test worker] o.s.s.concurrent.ThreadPoolTaskExecutor  : Initializing ExecutorService 'applicationTaskExecutor'
2021-09-20 17:45:59.624  INFO 13864 --- [    Test worker] o.s.b.a.w.s.WelcomePageHandlerMapping    : Adding welcome page template: index
2021-09-20 17:46:00.071  INFO 13864 --- [    Test worker] s.a.ScheduledAnnotationBeanPostProcessor : No TaskScheduler/ScheduledExecutorService bean found for scheduled processing
2021-09-20 17:46:00.083  INFO 13864 --- [    Test worker] o.e.w.domain.posts.PostsRepositoryTest   : Started PostsRepositoryTest in 4.891 seconds (JVM running for 6.218)
>>>>>>>> createDate=2021-09-20T17:46:00.379, modifiedDate=2021-09-20T17:46:00.379
]]></system-out>
  <system-err><![CDATA[]]></system-err>
</testsuite>
