<?xml version="1.0" encoding="UTF-8"?>
<testsuite name="org.example.webTest.web.HelloControllerTest" tests="2" skipped="0" failures="0" errors="0" timestamp="2021-10-11T04:27:35" hostname="LAPTOP-A4QEFCE3" time="0.18">
  <properties/>
  <testcase name="helloDto_return()" classname="org.example.webTest.web.HelloControllerTest" time="0.17"/>
  <testcase name="hello_return()" classname="org.example.webTest.web.HelloControllerTest" time="0.01"/>
  <system-out><![CDATA[2021-10-11 13:27:34.694  INFO 14268 --- [    Test worker] .b.t.a.w.s.WebMvcTestContextBootstrapper : Neither @ContextConfiguration nor @ContextHierarchy found for test class [org.example.webTest.web.HelloControllerTest], using SpringBootContextLoader
2021-10-11 13:27:34.695  INFO 14268 --- [    Test worker] o.s.t.c.support.AbstractContextLoader    : Could not detect default resource locations for test class [org.example.webTest.web.HelloControllerTest]: no resource found for suffixes {-context.xml, Context.groovy}.
2021-10-11 13:27:34.695  INFO 14268 --- [    Test worker] t.c.s.AnnotationConfigContextLoaderUtils : Could not detect default configuration classes for test class [org.example.webTest.web.HelloControllerTest]: HelloControllerTest does not declare any static, non-private, non-final, nested classes annotated with @Configuration.
2021-10-11 13:27:34.717  INFO 14268 --- [    Test worker] .b.t.c.SpringBootTestContextBootstrapper : Found @SpringBootConfiguration org.example.webTest.Application for test class org.example.webTest.web.HelloControllerTest
2021-10-11 13:27:34.719  INFO 14268 --- [    Test worker] .b.t.a.w.s.WebMvcTestContextBootstrapper : Loaded default TestExecutionListener class names from location [META-INF/spring.factories]: [org.springframework.security.test.context.support.WithSecurityContextTestExecutionListener, org.springframework.security.test.context.support.ReactorContextTestExecutionListener, org.springframework.boot.test.autoconfigure.restdocs.RestDocsTestExecutionListener, org.springframework.boot.test.autoconfigure.web.client.MockRestServiceServerResetTestExecutionListener, org.springframework.boot.test.autoconfigure.web.servlet.MockMvcPrintOnlyOnFailureTestExecutionListener, org.springframework.boot.test.autoconfigure.web.servlet.WebDriverTestExecutionListener, org.springframework.boot.test.autoconfigure.webservices.client.MockWebServiceServerTestExecutionListener, org.springframework.boot.test.mock.mockito.MockitoTestExecutionListener, org.springframework.boot.test.mock.mockito.ResetMocksTestExecutionListener, org.springframework.test.context.web.ServletTestExecutionListener, org.springframework.test.context.support.DirtiesContextBeforeModesTestExecutionListener, org.springframework.test.context.support.DependencyInjectionTestExecutionListener, org.springframework.test.context.support.DirtiesContextTestExecutionListener, org.springframework.test.context.transaction.TransactionalTestExecutionListener, org.springframework.test.context.jdbc.SqlScriptsTestExecutionListener, org.springframework.test.context.event.EventPublishingTestExecutionListener]
2021-10-11 13:27:34.720  INFO 14268 --- [    Test worker] .b.t.a.w.s.WebMvcTestContextBootstrapper : Using TestExecutionListeners: [org.springframework.test.context.web.ServletTestExecutionListener@4d3d1607, org.springframework.test.context.support.DirtiesContextBeforeModesTestExecutionListener@2b591650, org.springframework.boot.test.mock.mockito.MockitoTestExecutionListener@4211da9b, org.springframework.boot.test.autoconfigure.SpringBootDependencyInjectionTestExecutionListener@46675917, org.springframework.test.context.support.DirtiesContextTestExecutionListener@634ff2f2, org.springframework.test.context.transaction.TransactionalTestExecutionListener@47935d, org.springframework.test.context.jdbc.SqlScriptsTestExecutionListener@4cce54cc, org.springframework.security.test.context.support.WithSecurityContextTestExecutionListener@301d13a3, org.springframework.test.context.event.EventPublishingTestExecutionListener@2c59af30, org.springframework.security.test.context.support.ReactorContextTestExecutionListener@10b81c9d, org.springframework.boot.test.autoconfigure.restdocs.RestDocsTestExecutionListener@2eee5272, org.springframework.boot.test.autoconfigure.web.client.MockRestServiceServerResetTestExecutionListener@76b6cc07, org.springframework.boot.test.autoconfigure.web.servlet.MockMvcPrintOnlyOnFailureTestExecutionListener@17f7cdce, org.springframework.boot.test.autoconfigure.web.servlet.WebDriverTestExecutionListener@47fb6759, org.springframework.boot.test.autoconfigure.webservices.client.MockWebServiceServerTestExecutionListener@1b5ad016, org.springframework.boot.test.mock.mockito.ResetMocksTestExecutionListener@5b4ce18e]

  .   ____          _            __ _ _
 /\\ / ___'_ __ _ _(_)_ __  __ _ \ \ \ \
( ( )\___ | '_ | '_| | '_ \/ _` | \ \ \ \
 \\/  ___)| |_)| | | | | || (_| |  ) ) ) )
  '  |____| .__|_| |_|_| |_\__, | / / / /
 =========|_|==============|___/=/_/_/_/
 :: Spring Boot ::                (v2.4.1)

2021-10-11 13:27:34.749  INFO 14268 --- [    Test worker] o.e.webTest.web.HelloControllerTest      : Starting HelloControllerTest using Java 1.8.0_301 on LAPTOP-A4QEFCE3 with PID 14268 (started by suhyun in C:\Users\suhyun\IdeaProjects\SHIM-s-Anatomy)
2021-10-11 13:27:34.751  INFO 14268 --- [    Test worker] o.e.webTest.web.HelloControllerTest      : No active profile set, falling back to default profiles: default
2021-10-11 13:27:35.227  INFO 14268 --- [    Test worker] o.s.s.concurrent.ThreadPoolTaskExecutor  : Initializing ExecutorService 'applicationTaskExecutor'
2021-10-11 13:27:35.274  INFO 14268 --- [    Test worker] o.s.b.a.w.s.WelcomePageHandlerMapping    : Adding welcome page template: index
2021-10-11 13:27:35.645  INFO 14268 --- [    Test worker] o.s.s.web.DefaultSecurityFilterChain     : Will secure any request with [org.springframework.security.web.context.request.async.WebAsyncManagerIntegrationFilter@115322a9, org.springframework.security.web.context.SecurityContextPersistenceFilter@666a733f, org.springframework.security.web.header.HeaderWriterFilter@69ee61d7, org.springframework.security.web.csrf.CsrfFilter@59ef6fc1, org.springframework.security.web.authentication.logout.LogoutFilter@3c76a6c6, org.springframework.security.oauth2.client.web.OAuth2AuthorizationRequestRedirectFilter@6c0898fb, org.springframework.security.oauth2.client.web.OAuth2AuthorizationRequestRedirectFilter@73ec295e, org.springframework.security.oauth2.client.web.OAuth2LoginAuthenticationFilter@657e220d, org.springframework.security.web.authentication.ui.DefaultLoginPageGeneratingFilter@18355e63, org.springframework.security.web.authentication.ui.DefaultLogoutPageGeneratingFilter@525c1bca, org.springframework.security.web.savedrequest.RequestCacheAwareFilter@346200b3, org.springframework.security.web.servletapi.SecurityContextHolderAwareRequestFilter@2e183f31, org.springframework.security.web.authentication.AnonymousAuthenticationFilter@2044c3b1, org.springframework.security.oauth2.client.web.OAuth2AuthorizationCodeGrantFilter@5aef888, org.springframework.security.web.session.SessionManagementFilter@4b5d8a4c, org.springframework.security.web.access.ExceptionTranslationFilter@7a7515f4, org.springframework.security.web.access.intercept.FilterSecurityInterceptor@43436763]
2021-10-11 13:27:35.752  INFO 14268 --- [    Test worker] o.s.b.t.m.w.SpringBootMockServletContext : Initializing Spring TestDispatcherServlet ''
2021-10-11 13:27:35.752  INFO 14268 --- [    Test worker] o.s.t.web.servlet.TestDispatcherServlet  : Initializing Servlet ''
2021-10-11 13:27:35.753  INFO 14268 --- [    Test worker] o.s.t.web.servlet.TestDispatcherServlet  : Completed initialization in 1 ms
2021-10-11 13:27:35.772  INFO 14268 --- [    Test worker] o.e.webTest.web.HelloControllerTest      : Started HelloControllerTest in 1.05 seconds (JVM running for 8.236)
]]></system-out>
  <system-err><![CDATA[]]></system-err>
</testsuite>
