<?xml version="1.0" encoding="UTF-8"?>
<testsuite name="org.example.webTest.web.dto.HelloResponseDtoTest" tests="1" skipped="0" failures="0" errors="0" timestamp="2021-09-20T08:46:02" hostname="LAPTOP-A4QEFCE3" time="0.003">
  <properties/>
  <testcase name="lombok_test()" classname="org.example.webTest.web.dto.HelloResponseDtoTest" time="0.003"/>
  <system-out><![CDATA[]]></system-out>
  <system-err><![CDATA[]]></system-err>
</testsuite>
